29.0 APEX_CODE,FINEST;APEX_PROFILING,INFO;CALLOUT,INFO;DB,INFO;SYSTEM,DEBUG;VALIDATION,INFO;VISUALFORCE,INFO;WORKFLOW,INFO
12:33:00.17 (17290613)|ENTERING_MANAGED_PKG|sf4twitter
12:33:00.17 (17518173)|ENTERING_MANAGED_PKG|sf4twitter
12:33:00.17 (17689676)|ENTERING_MANAGED_PKG|sf4twitter
12:33:00.17 (17743741)|ENTERING_MANAGED_PKG|sf4twitter
12:33:00.17 (17816813)|ENTERING_MANAGED_PKG|sf4twitter
12:33:00.17 (17834397)|ENTERING_MANAGED_PKG|sf4twitter
12:33:00.17 (17875026)|ENTERING_MANAGED_PKG|sf4twitter
12:33:00.17 (19270290)|ENTERING_MANAGED_PKG|sf4twitter
12:33:00.17 (22588104)|ENTERING_MANAGED_PKG|sf4twitter
12:33:00.17 (25415245)|SOQL_EXECUTE_BEGIN|[9]|Aggregations:0|SELECT id, sf4twitter__Username__c FROM Twitter_Account__c 
12:33:00.17 (29932462)|SOQL_EXECUTE_END|[9]|Rows:1
12:33:00.17 (30860363)|ENTERING_MANAGED_PKG|sf4twitter
12:33:00.17 (30923805)|ENTERING_MANAGED_PKG|sf4twitter
12:33:00.65 (65915868)|CUMULATIVE_LIMIT_USAGE
12:33:00.65 (65915868)|LIMIT_USAGE_FOR_NS|(default)|
  Number of SOQL queries: 0 out of 100
  Number of query rows: 0 out of 50000
  Number of SOSL queries: 0 out of 20
  Number of DML statements: 0 out of 150
  Number of DML rows: 0 out of 10000
  Maximum CPU time: 0 out of 10000
  Maximum heap size: 0 out of 6000000
  Number of callouts: 0 out of 100
  Number of Email Invocations: 0 out of 10
  Number of future calls: 0 out of 50
  Number of queueable jobs added to the queue: 0 out of 50
  Number of Mobile Apex push calls: 0 out of 10

12:33:00.65 (65915868)|LIMIT_USAGE_FOR_NS|sf4twitter|
  Number of SOQL queries: 1 out of 100
  Number of query rows: 1 out of 50000
  Number of SOSL queries: 0 out of 20
  Number of DML statements: 0 out of 150
  Number of DML rows: 0 out of 10000
  Maximum CPU time: 0 out of 10000
  Maximum heap size: 0 out of 6000000
  Number of callouts: 0 out of 100
  Number of Email Invocations: 0 out of 10
  Number of future calls: 1 out of 50
  Number of queueable jobs added to the queue: 0 out of 50
  Number of Mobile Apex push calls: 0 out of 10

12:33:00.65 (65915868)|CUMULATIVE_LIMIT_USAGE_END

