29.0 APEX_CODE,FINEST;APEX_PROFILING,INFO;CALLOUT,INFO;DB,INFO;SYSTEM,DEBUG;VALIDATION,INFO;VISUALFORCE,INFO;WORKFLOW,INFO
12:33:01.15 (15404049)|ENTERING_MANAGED_PKG|sf4twitter
12:33:01.15 (20555275)|ENTERING_MANAGED_PKG|sf4twitter
12:33:01.15 (20778881)|ENTERING_MANAGED_PKG|sf4twitter
12:33:01.15 (20966489)|ENTERING_MANAGED_PKG|sf4twitter
12:33:01.15 (21021926)|ENTERING_MANAGED_PKG|sf4twitter
12:33:01.15 (21116578)|ENTERING_MANAGED_PKG|sf4twitter
12:33:01.15 (21135357)|ENTERING_MANAGED_PKG|sf4twitter
12:33:01.15 (21181625)|ENTERING_MANAGED_PKG|sf4twitter
12:33:01.15 (22424222)|ENTERING_MANAGED_PKG|sf4twitter
12:33:01.15 (26579085)|ENTERING_MANAGED_PKG|sf4twitter
12:33:01.15 (30051186)|SOQL_EXECUTE_BEGIN|[9]|Aggregations:0|SELECT id, sf4twitter__Username__c FROM Twitter_Account__c 
12:33:01.15 (35390016)|SOQL_EXECUTE_END|[9]|Rows:1
12:33:01.15 (36701931)|ENTERING_MANAGED_PKG|sf4twitter
12:33:01.15 (37830380)|ENTERING_MANAGED_PKG|sf4twitter
12:33:01.15 (37865357)|ENTERING_MANAGED_PKG|sf4twitter
12:33:01.15 (37930822)|ENTERING_MANAGED_PKG|sf4twitter
12:33:01.15 (37992932)|ENTERING_MANAGED_PKG|sf4twitter
12:33:01.15 (38053915)|ENTERING_MANAGED_PKG|sf4twitter
12:33:01.15 (40622039)|SOQL_EXECUTE_BEGIN|[660]|Aggregations:0|SELECT sf4twitter__Username__c, sf4twitter__Unknown_Twitter_Usernames__c, sf4twitter__Twitter_Max_Twitter__c, sf4twitter__Partial_Twitter_Max_Twitter__c, sf4twitter__Twitter_Max_Message__c, sf4twitter__Partial_Twitter_Max_Message__c, SystemModstamp, sf4twitter__Password__c, OwnerId, Name, LastModifiedDate, LastModifiedById, IsDeleted, Id, sf4twitter__Enable_Auto_Case_Creation__c, CreatedDate, sf4twitter__Active__c, CreatedById, sf4twitter__Bit_ly_Username__c, sf4twitter__Bit_ly_Password__c, sf4twitter__associate_DM__c, sf4twitter__Send_Error_Email__c, sf4twitter__associate_cases_same_username__c, sf4twitter__closed_case_duration__c, sf4twitter__ignore_maxid__c, sf4twitter__Results_Per_Page__c, sf4twitter__OAuth_Secret__c, sf4twitter__OAuth_Token__c, sf4twitter__Tweet_Id_Threshold__c, sf4twitter__Direct_Message_Id_Threshold__c, sf4twitter__Last_Tweet_Ids__c, sf4twitter__Last_DM_Ids__c, sf4twitter__PartialTwitterMinMessage__c, sf4twitter__PartialTwitterMinTweets__c FROM Twitter_Account__c WHERE Id = :tmpVar1 LIMIT 1
12:33:01.15 (50037686)|SOQL_EXECUTE_END|[660]|Rows:1
12:33:01.15 (50207042)|ENTERING_MANAGED_PKG|sf4twitter
12:33:01.15 (50263067)|ENTERING_MANAGED_PKG|sf4twitter
12:33:01.15 (50556512)|ENTERING_MANAGED_PKG|sf4twitter
12:33:01.15 (50977534)|SOQL_EXECUTE_BEGIN|[459]|Aggregations:0|SELECT Id, CreatedById FROM AsyncApexJob WHERE MethodName = :tmpVar1
12:33:01.15 (91142376)|SOQL_EXECUTE_END|[459]|Rows:2123
12:33:01.15 (97455259)|SOQL_EXECUTE_BEGIN|[462]|Aggregations:0|SELECT Id, Username, IsActive FROM User WHERE Id = :tmpVar1
12:33:01.15 (102978796)|SOQL_EXECUTE_END|[462]|Rows:1
12:33:01.15 (105423512)|ENTERING_MANAGED_PKG|sf4twitter
12:33:01.15 (105517588)|ENTERING_MANAGED_PKG|sf4twitter
12:33:01.15 (107513825)|ENTERING_MANAGED_PKG|sf4twitter
12:33:01.15 (107533079)|ENTERING_MANAGED_PKG|sf4twitter
12:33:01.15 (107561864)|ENTERING_MANAGED_PKG|sf4twitter
12:33:01.15 (107576932)|ENTERING_MANAGED_PKG|sf4twitter
12:33:01.15 (107649850)|ENTERING_MANAGED_PKG|sf4twitter
12:33:01.15 (107941883)|ENTERING_MANAGED_PKG|sf4twitter
12:33:01.15 (114269084)|ENTERING_MANAGED_PKG|sf4twitter
12:33:01.15 (114436887)|ENTERING_MANAGED_PKG|sf4twitter
12:33:01.15 (114712741)|ENTERING_MANAGED_PKG|sf4twitter
12:33:01.15 (114783042)|ENTERING_MANAGED_PKG|sf4twitter
12:33:01.15 (114819552)|ENTERING_MANAGED_PKG|sf4twitter
12:33:01.15 (114872132)|ENTERING_MANAGED_PKG|sf4twitter
12:33:01.15 (115662375)|ENTERING_MANAGED_PKG|sf4twitter
12:33:01.15 (129850730)|ENTERING_MANAGED_PKG|sf4twitter
12:33:01.15 (130649096)|ENTERING_MANAGED_PKG|sf4twitter
12:33:01.15 (130692515)|ENTERING_MANAGED_PKG|sf4twitter
12:33:01.15 (130990372)|ENTERING_MANAGED_PKG|sf4twitter
12:33:01.15 (131364215)|SOQL_EXECUTE_BEGIN|[9]|Aggregations:0|SELECT id, sf4twitter__Username__c FROM Twitter_Account__c 
12:33:01.15 (135071552)|SOQL_EXECUTE_END|[9]|Rows:1
12:33:01.15 (136351575)|ENTERING_MANAGED_PKG|sf4twitter
12:33:01.15 (136388830)|ENTERING_MANAGED_PKG|sf4twitter
12:33:01.15 (136462488)|ENTERING_MANAGED_PKG|sf4twitter
12:33:01.15 (137273606)|ENTERING_MANAGED_PKG|sf4twitter
12:33:01.15 (137699676)|ENTERING_MANAGED_PKG|sf4twitter
12:33:01.15 (141713927)|SOQL_EXECUTE_BEGIN|[404]|Aggregations:0|SELECT id, name FROM Account WHERE name = :tmpVar1 LIMIT 1
12:33:01.15 (149570627)|SOQL_EXECUTE_END|[404]|Rows:0
12:33:01.15 (149730278)|ENTERING_MANAGED_PKG|sf4twitter
12:33:01.15 (149894051)|ENTERING_MANAGED_PKG|sf4twitter
12:33:01.15 (150046744)|ENTERING_MANAGED_PKG|sf4twitter
12:33:01.15 (150120079)|ENTERING_MANAGED_PKG|sf4twitter
12:33:01.15 (150192586)|ENTERING_MANAGED_PKG|sf4twitter
12:33:01.15 (150261669)|ENTERING_MANAGED_PKG|sf4twitter
12:33:01.15 (150333477)|ENTERING_MANAGED_PKG|sf4twitter
12:33:01.15 (150432486)|ENTERING_MANAGED_PKG|sf4twitter
12:33:01.15 (150559578)|ENTERING_MANAGED_PKG|sf4twitter
12:33:01.15 (150636435)|ENTERING_MANAGED_PKG|sf4twitter
12:33:01.15 (150716717)|ENTERING_MANAGED_PKG|sf4twitter
12:33:01.15 (150789710)|ENTERING_MANAGED_PKG|sf4twitter
12:33:01.15 (150868267)|ENTERING_MANAGED_PKG|sf4twitter
12:33:01.15 (150934289)|ENTERING_MANAGED_PKG|sf4twitter
12:33:01.15 (151004670)|ENTERING_MANAGED_PKG|sf4twitter
12:33:01.15 (151077913)|ENTERING_MANAGED_PKG|sf4twitter
12:33:01.15 (151146863)|ENTERING_MANAGED_PKG|sf4twitter
12:33:01.15 (151214983)|ENTERING_MANAGED_PKG|sf4twitter
12:33:01.15 (151285916)|ENTERING_MANAGED_PKG|sf4twitter
12:33:01.15 (151355130)|ENTERING_MANAGED_PKG|sf4twitter
12:33:01.15 (151423594)|ENTERING_MANAGED_PKG|sf4twitter
12:33:01.15 (151784198)|ENTERING_MANAGED_PKG|sf4twitter
12:33:01.15 (151819770)|ENTERING_MANAGED_PKG|sf4twitter
12:33:01.15 (153551213)|ENTERING_MANAGED_PKG|sf4twitter
12:33:01.15 (153680024)|ENTERING_MANAGED_PKG|sf4twitter
12:33:01.15 (154204288)|ENTERING_MANAGED_PKG|sf4twitter
12:33:01.15 (154248341)|ENTERING_MANAGED_PKG|sf4twitter
12:33:01.15 (154286238)|ENTERING_MANAGED_PKG|sf4twitter
12:33:01.15 (156349377)|ENTERING_MANAGED_PKG|sf4twitter
12:33:01.15 (156405042)|ENTERING_MANAGED_PKG|sf4twitter
12:33:01.15 (156461854)|ENTERING_MANAGED_PKG|sf4twitter
12:33:01.15 (156808205)|ENTERING_MANAGED_PKG|sf4twitter
12:33:01.15 (156895933)|ENTERING_MANAGED_PKG|sf4twitter
12:33:01.15 (156932168)|ENTERING_MANAGED_PKG|sf4twitter
12:33:01.15 (156983272)|ENTERING_MANAGED_PKG|sf4twitter
12:33:01.15 (157030990)|ENTERING_MANAGED_PKG|sf4twitter
12:33:01.15 (157066752)|ENTERING_MANAGED_PKG|sf4twitter
12:33:01.15 (157092215)|ENTERING_MANAGED_PKG|sf4twitter
12:33:01.15 (157148394)|ENTERING_MANAGED_PKG|sf4twitter
12:33:01.15 (157180441)|ENTERING_MANAGED_PKG|sf4twitter
12:33:01.15 (157207838)|ENTERING_MANAGED_PKG|sf4twitter
12:33:01.15 (157370265)|ENTERING_MANAGED_PKG|sf4twitter
12:33:01.15 (157394765)|ENTERING_MANAGED_PKG|sf4twitter
12:33:01.15 (157650594)|ENTERING_MANAGED_PKG|sf4twitter
12:33:01.15 (157687661)|ENTERING_MANAGED_PKG|sf4twitter
12:33:01.15 (157730825)|ENTERING_MANAGED_PKG|sf4twitter
12:33:01.15 (157779325)|ENTERING_MANAGED_PKG|sf4twitter
12:33:01.15 (157817727)|ENTERING_MANAGED_PKG|sf4twitter
12:33:01.15 (157851786)|ENTERING_MANAGED_PKG|sf4twitter
12:33:01.15 (157884972)|ENTERING_MANAGED_PKG|sf4twitter
12:33:01.15 (157910339)|ENTERING_MANAGED_PKG|sf4twitter
12:33:01.15 (157935321)|ENTERING_MANAGED_PKG|sf4twitter
12:33:01.15 (157962174)|ENTERING_MANAGED_PKG|sf4twitter
12:33:01.15 (157989009)|ENTERING_MANAGED_PKG|sf4twitter
12:33:01.15 (158057487)|ENTERING_MANAGED_PKG|sf4twitter
12:33:01.15 (158157196)|ENTERING_MANAGED_PKG|sf4twitter
12:33:01.15 (159058057)|SOQL_EXECUTE_BEGIN|[47]|Aggregations:0|SELECT Id, sf4twitter__Username__c, sf4twitter__Valid__c, sf4twitter__Password__c, sf4twitter__Bit_ly_Password__c, sf4twitter__OAuth_Token__c, sf4twitter__OAuth_Secret__c FROM Twitter_Account__c WHERE (Id = :tmpVar1 AND Valid__c = TRUE AND Active__c = TRUE) LIMIT 1
12:33:01.15 (163662543)|SOQL_EXECUTE_END|[47]|Rows:1
12:33:01.15 (164499361)|ENTERING_MANAGED_PKG|sf4twitter
12:33:01.15 (175139842)|ENTERING_MANAGED_PKG|sf4twitter
12:33:01.15 (175226390)|ENTERING_MANAGED_PKG|sf4twitter
12:33:01.15 (175399821)|ENTERING_MANAGED_PKG|sf4twitter
12:33:01.15 (175447876)|ENTERING_MANAGED_PKG|sf4twitter
12:33:01.15 (177343320)|SOQL_EXECUTE_BEGIN|[40]|Aggregations:0|SELECT id, name, sf4twitter__Twitter_Password__c, sf4twitter__Bitly_Password__c, sf4twitter__OAuth_Secret__c, sf4twitter__OAuth_Token__c FROM Twitter_Credentials__c WHERE name = :tmpVar1 ORDER BY LastModifiedDate DESC NULLS FIRST LIMIT 1
12:33:01.15 (183000695)|SOQL_EXECUTE_END|[40]|Rows:1
12:33:01.15 (183786001)|ENTERING_MANAGED_PKG|sf4twitter
12:33:01.15 (183831281)|ENTERING_MANAGED_PKG|sf4twitter
12:33:01.15 (183913014)|ENTERING_MANAGED_PKG|sf4twitter
12:33:01.15 (183945364)|ENTERING_MANAGED_PKG|sf4twitter
12:33:01.15 (183981075)|ENTERING_MANAGED_PKG|sf4twitter
12:33:01.15 (184057758)|ENTERING_MANAGED_PKG|sf4twitter
12:33:01.15 (184082551)|ENTERING_MANAGED_PKG|sf4twitter
12:33:01.15 (184128046)|ENTERING_MANAGED_PKG|sf4twitter
12:33:01.15 (184164918)|ENTERING_MANAGED_PKG|sf4twitter
12:33:01.15 (184196465)|ENTERING_MANAGED_PKG|sf4twitter
12:33:01.15 (184326170)|ENTERING_MANAGED_PKG|sf4twitter
12:33:01.15 (184351089)|ENTERING_MANAGED_PKG|sf4twitter
12:33:01.15 (184371778)|ENTERING_MANAGED_PKG|sf4twitter
12:33:01.15 (184391929)|ENTERING_MANAGED_PKG|sf4twitter
12:33:01.15 (184410289)|ENTERING_MANAGED_PKG|sf4twitter
12:33:01.15 (184474336)|ENTERING_MANAGED_PKG|sf4twitter
12:33:01.15 (184571976)|ENTERING_MANAGED_PKG|sf4twitter
12:33:01.15 (184702203)|ENTERING_MANAGED_PKG|sf4twitter
12:33:01.15 (184769401)|ENTERING_MANAGED_PKG|sf4twitter
12:33:01.15 (184896981)|ENTERING_MANAGED_PKG|sf4twitter
12:33:01.15 (184993641)|ENTERING_MANAGED_PKG|sf4twitter
12:33:01.15 (185047014)|ENTERING_MANAGED_PKG|sf4twitter
12:33:01.15 (185107069)|ENTERING_MANAGED_PKG|sf4twitter
12:33:01.15 (185149134)|ENTERING_MANAGED_PKG|sf4twitter
12:33:01.15 (188421196)|ENTERING_MANAGED_PKG|sf4twitter
12:33:01.15 (188452788)|ENTERING_MANAGED_PKG|sf4twitter
12:33:01.15 (188484352)|ENTERING_MANAGED_PKG|sf4twitter
12:33:01.15 (188528134)|ENTERING_MANAGED_PKG|sf4twitter
12:33:01.15 (188562303)|ENTERING_MANAGED_PKG|sf4twitter
12:33:01.15 (188597178)|ENTERING_MANAGED_PKG|sf4twitter
12:33:01.15 (188637903)|ENTERING_MANAGED_PKG|sf4twitter
12:33:01.15 (188675298)|ENTERING_MANAGED_PKG|sf4twitter
12:33:01.15 (188746330)|ENTERING_MANAGED_PKG|sf4twitter
12:33:01.15 (188783247)|ENTERING_MANAGED_PKG|sf4twitter
12:33:01.15 (188819353)|ENTERING_MANAGED_PKG|sf4twitter
12:33:01.15 (188847027)|ENTERING_MANAGED_PKG|sf4twitter
12:33:01.15 (188885164)|ENTERING_MANAGED_PKG|sf4twitter
12:33:01.15 (188918475)|ENTERING_MANAGED_PKG|sf4twitter
12:33:01.15 (188945677)|ENTERING_MANAGED_PKG|sf4twitter
12:33:01.15 (189006691)|ENTERING_MANAGED_PKG|sf4twitter
12:33:01.15 (189037661)|ENTERING_MANAGED_PKG|sf4twitter
12:33:01.15 (189065414)|ENTERING_MANAGED_PKG|sf4twitter
12:33:01.15 (189092527)|ENTERING_MANAGED_PKG|sf4twitter
12:33:01.15 (189119159)|ENTERING_MANAGED_PKG|sf4twitter
12:33:01.15 (189160290)|ENTERING_MANAGED_PKG|sf4twitter
12:33:01.15 (189191943)|ENTERING_MANAGED_PKG|sf4twitter
12:33:01.15 (189210095)|ENTERING_MANAGED_PKG|sf4twitter
12:33:01.15 (190019582)|ENTERING_MANAGED_PKG|sf4twitter
12:33:01.15 (190323209)|ENTERING_MANAGED_PKG|sf4twitter
12:33:01.15 (190341956)|ENTERING_MANAGED_PKG|sf4twitter
12:33:01.15 (190395044)|ENTERING_MANAGED_PKG|sf4twitter
12:33:01.15 (190714015)|ENTERING_MANAGED_PKG|sf4twitter
12:33:01.15 (190737091)|ENTERING_MANAGED_PKG|sf4twitter
12:33:01.15 (191284317)|ENTERING_MANAGED_PKG|sf4twitter
12:33:01.15 (191450398)|ENTERING_MANAGED_PKG|sf4twitter
12:33:01.15 (366493089)|ENTERING_MANAGED_PKG|sf4twitter
12:33:01.15 (366555113)|ENTERING_MANAGED_PKG|sf4twitter
12:33:01.15 (366595409)|ENTERING_MANAGED_PKG|sf4twitter
12:33:01.15 (366608094)|ENTERING_MANAGED_PKG|sf4twitter
12:33:01.15 (366666319)|ENTERING_MANAGED_PKG|sf4twitter
12:33:01.15 (366695067)|ENTERING_MANAGED_PKG|sf4twitter
12:33:01.15 (366763273)|ENTERING_MANAGED_PKG|sf4twitter
12:33:01.15 (366794607)|ENTERING_MANAGED_PKG|sf4twitter
12:33:01.15 (366887369)|ENTERING_MANAGED_PKG|sf4twitter
12:33:01.15 (366919967)|ENTERING_MANAGED_PKG|sf4twitter
12:33:01.15 (367068307)|ENTERING_MANAGED_PKG|sf4twitter
12:33:01.15 (367096048)|ENTERING_MANAGED_PKG|sf4twitter
12:33:01.15 (368008251)|ENTERING_MANAGED_PKG|sf4twitter
12:33:01.15 (368034287)|ENTERING_MANAGED_PKG|sf4twitter
12:33:01.15 (369060843)|ENTERING_MANAGED_PKG|sf4twitter
12:33:01.15 (369088474)|ENTERING_MANAGED_PKG|sf4twitter
12:33:01.15 (369100121)|ENTERING_MANAGED_PKG|sf4twitter
12:33:01.15 (369113185)|ENTERING_MANAGED_PKG|sf4twitter
12:33:01.15 (369136475)|ENTERING_MANAGED_PKG|sf4twitter
12:33:01.15 (369169672)|ENTERING_MANAGED_PKG|sf4twitter
12:33:01.15 (369204628)|ENTERING_MANAGED_PKG|sf4twitter
12:33:01.15 (369254353)|ENTERING_MANAGED_PKG|sf4twitter
12:33:01.15 (369282359)|ENTERING_MANAGED_PKG|sf4twitter
12:33:01.15 (369419964)|ENTERING_MANAGED_PKG|sf4twitter
12:33:01.15 (369938297)|ENTERING_MANAGED_PKG|sf4twitter
12:33:01.15 (369986560)|ENTERING_MANAGED_PKG|sf4twitter
12:33:01.15 (370073340)|ENTERING_MANAGED_PKG|sf4twitter
12:33:01.15 (370111402)|ENTERING_MANAGED_PKG|sf4twitter
12:33:01.15 (370137161)|ENTERING_MANAGED_PKG|sf4twitter
12:33:01.15 (370192119)|ENTERING_MANAGED_PKG|sf4twitter
12:33:01.15 (370215006)|ENTERING_MANAGED_PKG|sf4twitter
12:33:01.15 (370263510)|ENTERING_MANAGED_PKG|sf4twitter
12:33:01.15 (370282401)|ENTERING_MANAGED_PKG|sf4twitter
12:33:01.15 (370298192)|ENTERING_MANAGED_PKG|sf4twitter
12:33:01.15 (370312636)|ENTERING_MANAGED_PKG|sf4twitter
12:33:01.15 (370329984)|ENTERING_MANAGED_PKG|sf4twitter
12:33:01.15 (370345026)|ENTERING_MANAGED_PKG|sf4twitter
12:33:01.15 (370360029)|ENTERING_MANAGED_PKG|sf4twitter
12:33:01.15 (370375647)|ENTERING_MANAGED_PKG|sf4twitter
12:33:01.15 (370390325)|ENTERING_MANAGED_PKG|sf4twitter
12:33:01.15 (370471136)|ENTERING_MANAGED_PKG|sf4twitter
12:33:01.15 (370490749)|ENTERING_MANAGED_PKG|sf4twitter
12:33:01.15 (370531779)|ENTERING_MANAGED_PKG|sf4twitter
12:33:01.15 (370548292)|ENTERING_MANAGED_PKG|sf4twitter
12:33:01.15 (370566680)|ENTERING_MANAGED_PKG|sf4twitter
12:33:01.15 (370596021)|ENTERING_MANAGED_PKG|sf4twitter
12:33:01.15 (370623683)|ENTERING_MANAGED_PKG|sf4twitter
12:33:01.15 (370644973)|ENTERING_MANAGED_PKG|sf4twitter
12:33:01.15 (370664975)|ENTERING_MANAGED_PKG|sf4twitter
12:33:01.15 (370680050)|ENTERING_MANAGED_PKG|sf4twitter
12:33:01.15 (370694257)|ENTERING_MANAGED_PKG|sf4twitter
12:33:01.15 (370709451)|ENTERING_MANAGED_PKG|sf4twitter
12:33:01.15 (370724407)|ENTERING_MANAGED_PKG|sf4twitter
12:33:01.15 (370739190)|ENTERING_MANAGED_PKG|sf4twitter
12:33:01.15 (370804470)|ENTERING_MANAGED_PKG|sf4twitter
12:33:01.15 (371524312)|SOQL_EXECUTE_BEGIN|[47]|Aggregations:0|SELECT Id, sf4twitter__Username__c, sf4twitter__Valid__c, sf4twitter__Password__c, sf4twitter__Bit_ly_Password__c, sf4twitter__OAuth_Token__c, sf4twitter__OAuth_Secret__c FROM Twitter_Account__c WHERE (Id = :tmpVar1 AND Valid__c = TRUE AND Active__c = TRUE) LIMIT 1
12:33:01.15 (377598829)|SOQL_EXECUTE_END|[47]|Rows:1
12:33:01.15 (377812015)|ENTERING_MANAGED_PKG|sf4twitter
12:33:01.15 (379124259)|ENTERING_MANAGED_PKG|sf4twitter
12:33:01.15 (379219075)|ENTERING_MANAGED_PKG|sf4twitter
12:33:01.15 (380930407)|SOQL_EXECUTE_BEGIN|[40]|Aggregations:0|SELECT id, name, sf4twitter__Twitter_Password__c, sf4twitter__Bitly_Password__c, sf4twitter__OAuth_Secret__c, sf4twitter__OAuth_Token__c FROM Twitter_Credentials__c WHERE name = :tmpVar1 ORDER BY LastModifiedDate DESC NULLS FIRST LIMIT 1
12:33:01.15 (386088071)|SOQL_EXECUTE_END|[40]|Rows:1
12:33:01.15 (386629142)|ENTERING_MANAGED_PKG|sf4twitter
12:33:01.15 (386677829)|ENTERING_MANAGED_PKG|sf4twitter
12:33:01.15 (386757323)|ENTERING_MANAGED_PKG|sf4twitter
12:33:01.15 (386817642)|ENTERING_MANAGED_PKG|sf4twitter
12:33:01.15 (386843378)|ENTERING_MANAGED_PKG|sf4twitter
12:33:01.15 (386929521)|ENTERING_MANAGED_PKG|sf4twitter
12:33:01.15 (386950010)|ENTERING_MANAGED_PKG|sf4twitter
12:33:01.15 (386980833)|ENTERING_MANAGED_PKG|sf4twitter
12:33:01.15 (387005805)|ENTERING_MANAGED_PKG|sf4twitter
12:33:01.15 (387027793)|ENTERING_MANAGED_PKG|sf4twitter
12:33:01.15 (387119651)|ENTERING_MANAGED_PKG|sf4twitter
12:33:01.15 (387144525)|ENTERING_MANAGED_PKG|sf4twitter
12:33:01.15 (387164576)|ENTERING_MANAGED_PKG|sf4twitter
12:33:01.15 (387193243)|ENTERING_MANAGED_PKG|sf4twitter
12:33:01.15 (387220489)|ENTERING_MANAGED_PKG|sf4twitter
12:33:01.15 (387308299)|ENTERING_MANAGED_PKG|sf4twitter
12:33:01.15 (387375952)|ENTERING_MANAGED_PKG|sf4twitter
12:33:01.15 (387451603)|ENTERING_MANAGED_PKG|sf4twitter
12:33:01.15 (387502388)|ENTERING_MANAGED_PKG|sf4twitter
12:33:01.15 (387643925)|ENTERING_MANAGED_PKG|sf4twitter
12:33:01.15 (387733894)|ENTERING_MANAGED_PKG|sf4twitter
12:33:01.15 (387808409)|ENTERING_MANAGED_PKG|sf4twitter
12:33:01.15 (387846706)|ENTERING_MANAGED_PKG|sf4twitter
12:33:01.15 (387868668)|ENTERING_MANAGED_PKG|sf4twitter
12:33:01.15 (391219335)|ENTERING_MANAGED_PKG|sf4twitter
12:33:01.15 (391241365)|ENTERING_MANAGED_PKG|sf4twitter
12:33:01.15 (391259056)|ENTERING_MANAGED_PKG|sf4twitter
12:33:01.15 (391293067)|ENTERING_MANAGED_PKG|sf4twitter
12:33:01.15 (391316174)|ENTERING_MANAGED_PKG|sf4twitter
12:33:01.15 (391336643)|ENTERING_MANAGED_PKG|sf4twitter
12:33:01.15 (391359577)|ENTERING_MANAGED_PKG|sf4twitter
12:33:01.15 (391379929)|ENTERING_MANAGED_PKG|sf4twitter
12:33:01.15 (391406430)|ENTERING_MANAGED_PKG|sf4twitter
12:33:01.15 (391427427)|ENTERING_MANAGED_PKG|sf4twitter
12:33:01.15 (391447369)|ENTERING_MANAGED_PKG|sf4twitter
12:33:01.15 (391461529)|ENTERING_MANAGED_PKG|sf4twitter
12:33:01.15 (391484338)|ENTERING_MANAGED_PKG|sf4twitter
12:33:01.15 (391503470)|ENTERING_MANAGED_PKG|sf4twitter
12:33:01.15 (391521551)|ENTERING_MANAGED_PKG|sf4twitter
12:33:01.15 (391547698)|ENTERING_MANAGED_PKG|sf4twitter
12:33:01.15 (391566729)|ENTERING_MANAGED_PKG|sf4twitter
12:33:01.15 (391590989)|ENTERING_MANAGED_PKG|sf4twitter
12:33:01.15 (391609599)|ENTERING_MANAGED_PKG|sf4twitter
12:33:01.15 (391627561)|ENTERING_MANAGED_PKG|sf4twitter
12:33:01.15 (391659466)|ENTERING_MANAGED_PKG|sf4twitter
12:33:01.15 (391682630)|ENTERING_MANAGED_PKG|sf4twitter
12:33:01.15 (391694811)|ENTERING_MANAGED_PKG|sf4twitter
12:33:01.15 (392296979)|ENTERING_MANAGED_PKG|sf4twitter
12:33:01.15 (392563348)|ENTERING_MANAGED_PKG|sf4twitter
12:33:01.15 (392589911)|ENTERING_MANAGED_PKG|sf4twitter
12:33:01.15 (392668909)|ENTERING_MANAGED_PKG|sf4twitter
12:33:01.15 (392927759)|ENTERING_MANAGED_PKG|sf4twitter
12:33:01.15 (392961225)|ENTERING_MANAGED_PKG|sf4twitter
12:33:01.15 (393978818)|ENTERING_MANAGED_PKG|sf4twitter
12:33:01.15 (394171351)|ENTERING_MANAGED_PKG|sf4twitter
12:33:01.15 (429194289)|ENTERING_MANAGED_PKG|sf4twitter
12:33:01.15 (429277475)|ENTERING_MANAGED_PKG|sf4twitter
12:33:01.15 (429311933)|ENTERING_MANAGED_PKG|sf4twitter
12:33:01.15 (429339331)|ENTERING_MANAGED_PKG|sf4twitter
12:33:01.15 (429412073)|ENTERING_MANAGED_PKG|sf4twitter
12:33:01.15 (429457155)|ENTERING_MANAGED_PKG|sf4twitter
12:33:01.15 (429538768)|ENTERING_MANAGED_PKG|sf4twitter
12:33:01.15 (429583119)|ENTERING_MANAGED_PKG|sf4twitter
12:33:01.15 (429711263)|ENTERING_MANAGED_PKG|sf4twitter
12:33:01.15 (429749266)|ENTERING_MANAGED_PKG|sf4twitter
12:33:01.15 (429936855)|ENTERING_MANAGED_PKG|sf4twitter
12:33:01.15 (429972113)|ENTERING_MANAGED_PKG|sf4twitter
12:33:01.15 (433511724)|ENTERING_MANAGED_PKG|sf4twitter
12:33:01.15 (433560145)|ENTERING_MANAGED_PKG|sf4twitter
12:33:01.15 (435958025)|ENTERING_MANAGED_PKG|sf4twitter
12:33:01.15 (435994539)|ENTERING_MANAGED_PKG|sf4twitter
12:33:01.15 (436022870)|ENTERING_MANAGED_PKG|sf4twitter
12:33:01.15 (436055163)|ENTERING_MANAGED_PKG|sf4twitter
12:33:01.15 (436093963)|ENTERING_MANAGED_PKG|sf4twitter
12:33:01.15 (436146099)|ENTERING_MANAGED_PKG|sf4twitter
12:33:01.15 (436204585)|ENTERING_MANAGED_PKG|sf4twitter
12:33:01.15 (436316307)|ENTERING_MANAGED_PKG|sf4twitter
12:33:01.15 (436375010)|ENTERING_MANAGED_PKG|sf4twitter
12:33:01.15 (436474421)|ENTERING_MANAGED_PKG|sf4twitter
12:33:01.15 (436883693)|ENTERING_MANAGED_PKG|sf4twitter
12:33:01.15 (436963284)|ENTERING_MANAGED_PKG|sf4twitter
12:33:01.15 (437372064)|ENTERING_MANAGED_PKG|sf4twitter
12:33:01.15 (437441791)|ENTERING_MANAGED_PKG|sf4twitter
12:33:01.15 (437488710)|ENTERING_MANAGED_PKG|sf4twitter
12:33:01.15 (437568448)|ENTERING_MANAGED_PKG|sf4twitter
12:33:01.15 (437612387)|ENTERING_MANAGED_PKG|sf4twitter
12:33:01.15 (437703096)|ENTERING_MANAGED_PKG|sf4twitter
12:33:01.15 (437741664)|ENTERING_MANAGED_PKG|sf4twitter
12:33:01.15 (437778216)|ENTERING_MANAGED_PKG|sf4twitter
12:33:01.15 (437811391)|ENTERING_MANAGED_PKG|sf4twitter
12:33:01.15 (437845909)|ENTERING_MANAGED_PKG|sf4twitter
12:33:01.15 (437883167)|ENTERING_MANAGED_PKG|sf4twitter
12:33:01.15 (437917891)|ENTERING_MANAGED_PKG|sf4twitter
12:33:01.15 (437952470)|ENTERING_MANAGED_PKG|sf4twitter
12:33:01.15 (437989913)|ENTERING_MANAGED_PKG|sf4twitter
12:33:01.15 (438141438)|ENTERING_MANAGED_PKG|sf4twitter
12:33:01.15 (438180495)|ENTERING_MANAGED_PKG|sf4twitter
12:33:01.15 (438258329)|ENTERING_MANAGED_PKG|sf4twitter
12:33:01.15 (438293531)|ENTERING_MANAGED_PKG|sf4twitter
12:33:01.15 (438334782)|ENTERING_MANAGED_PKG|sf4twitter
12:33:01.15 (438393042)|ENTERING_MANAGED_PKG|sf4twitter
12:33:01.15 (438444646)|ENTERING_MANAGED_PKG|sf4twitter
12:33:01.15 (438491690)|ENTERING_MANAGED_PKG|sf4twitter
12:33:01.15 (438545207)|ENTERING_MANAGED_PKG|sf4twitter
12:33:01.15 (438580256)|ENTERING_MANAGED_PKG|sf4twitter
12:33:01.15 (438614498)|ENTERING_MANAGED_PKG|sf4twitter
12:33:01.15 (438650372)|ENTERING_MANAGED_PKG|sf4twitter
12:33:01.15 (438686646)|ENTERING_MANAGED_PKG|sf4twitter
12:33:01.15 (438720199)|ENTERING_MANAGED_PKG|sf4twitter
12:33:01.15 (438833371)|ENTERING_MANAGED_PKG|sf4twitter
12:33:01.15 (440007895)|SOQL_EXECUTE_BEGIN|[47]|Aggregations:0|SELECT Id, sf4twitter__Username__c, sf4twitter__Valid__c, sf4twitter__Password__c, sf4twitter__Bit_ly_Password__c, sf4twitter__OAuth_Token__c, sf4twitter__OAuth_Secret__c FROM Twitter_Account__c WHERE (Id = :tmpVar1 AND Valid__c = TRUE AND Active__c = TRUE) LIMIT 1
12:33:01.15 (444363757)|SOQL_EXECUTE_END|[47]|Rows:1
12:33:01.15 (444486315)|ENTERING_MANAGED_PKG|sf4twitter
12:33:01.15 (445120729)|ENTERING_MANAGED_PKG|sf4twitter
12:33:01.15 (445166334)|ENTERING_MANAGED_PKG|sf4twitter
12:33:01.15 (445786206)|SOQL_EXECUTE_BEGIN|[40]|Aggregations:0|SELECT id, name, sf4twitter__Twitter_Password__c, sf4twitter__Bitly_Password__c, sf4twitter__OAuth_Secret__c, sf4twitter__OAuth_Token__c FROM Twitter_Credentials__c WHERE name = :tmpVar1 ORDER BY LastModifiedDate DESC NULLS FIRST LIMIT 1
12:33:01.15 (450573006)|SOQL_EXECUTE_END|[40]|Rows:1
12:33:01.15 (451136159)|ENTERING_MANAGED_PKG|sf4twitter
12:33:01.15 (451173108)|ENTERING_MANAGED_PKG|sf4twitter
12:33:01.15 (451257243)|ENTERING_MANAGED_PKG|sf4twitter
12:33:01.15 (451302018)|ENTERING_MANAGED_PKG|sf4twitter
12:33:01.15 (451326879)|ENTERING_MANAGED_PKG|sf4twitter
12:33:01.15 (451440442)|ENTERING_MANAGED_PKG|sf4twitter
12:33:01.15 (451461569)|ENTERING_MANAGED_PKG|sf4twitter
12:33:01.15 (451498013)|ENTERING_MANAGED_PKG|sf4twitter
12:33:01.15 (451554440)|ENTERING_MANAGED_PKG|sf4twitter
12:33:01.15 (451583741)|ENTERING_MANAGED_PKG|sf4twitter
12:33:01.15 (451623303)|ENTERING_MANAGED_PKG|sf4twitter
12:33:01.15 (451675470)|ENTERING_MANAGED_PKG|sf4twitter
12:33:01.15 (451703484)|ENTERING_MANAGED_PKG|sf4twitter
12:33:01.15 (451725954)|ENTERING_MANAGED_PKG|sf4twitter
12:33:01.15 (451746188)|ENTERING_MANAGED_PKG|sf4twitter
12:33:01.15 (451877295)|ENTERING_MANAGED_PKG|sf4twitter
12:33:01.15 (451902453)|ENTERING_MANAGED_PKG|sf4twitter
12:33:01.15 (451927440)|ENTERING_MANAGED_PKG|sf4twitter
12:33:01.15 (451965517)|ENTERING_MANAGED_PKG|sf4twitter
12:33:01.15 (452012682)|ENTERING_MANAGED_PKG|sf4twitter
12:33:01.15 (452091617)|ENTERING_MANAGED_PKG|sf4twitter
12:33:01.15 (452169377)|ENTERING_MANAGED_PKG|sf4twitter
12:33:01.15 (452245546)|ENTERING_MANAGED_PKG|sf4twitter
12:33:01.15 (452324763)|ENTERING_MANAGED_PKG|sf4twitter
12:33:01.15 (452457400)|ENTERING_MANAGED_PKG|sf4twitter
12:33:01.15 (452535012)|ENTERING_MANAGED_PKG|sf4twitter
12:33:01.15 (452606515)|ENTERING_MANAGED_PKG|sf4twitter
12:33:01.15 (452652603)|ENTERING_MANAGED_PKG|sf4twitter
12:33:01.15 (452683081)|ENTERING_MANAGED_PKG|sf4twitter
12:33:01.15 (452704016)|ENTERING_MANAGED_PKG|sf4twitter
12:33:01.15 (456557671)|ENTERING_MANAGED_PKG|sf4twitter
12:33:01.15 (456578498)|ENTERING_MANAGED_PKG|sf4twitter
12:33:01.15 (456595954)|ENTERING_MANAGED_PKG|sf4twitter
12:33:01.15 (456628220)|ENTERING_MANAGED_PKG|sf4twitter
12:33:01.15 (456651150)|ENTERING_MANAGED_PKG|sf4twitter
12:33:01.15 (456671349)|ENTERING_MANAGED_PKG|sf4twitter
12:33:01.15 (456693705)|ENTERING_MANAGED_PKG|sf4twitter
12:33:01.15 (456714798)|ENTERING_MANAGED_PKG|sf4twitter
12:33:01.15 (456741266)|ENTERING_MANAGED_PKG|sf4twitter
12:33:01.15 (456778472)|ENTERING_MANAGED_PKG|sf4twitter
12:33:01.15 (456812461)|ENTERING_MANAGED_PKG|sf4twitter
12:33:01.15 (456828092)|ENTERING_MANAGED_PKG|sf4twitter
12:33:01.15 (456852423)|ENTERING_MANAGED_PKG|sf4twitter
12:33:01.15 (456872957)|ENTERING_MANAGED_PKG|sf4twitter
12:33:01.15 (456891874)|ENTERING_MANAGED_PKG|sf4twitter
12:33:01.15 (456918233)|ENTERING_MANAGED_PKG|sf4twitter
12:33:01.15 (456943405)|ENTERING_MANAGED_PKG|sf4twitter
12:33:01.15 (456963773)|ENTERING_MANAGED_PKG|sf4twitter
12:33:01.15 (456982137)|ENTERING_MANAGED_PKG|sf4twitter
12:33:01.15 (457000225)|ENTERING_MANAGED_PKG|sf4twitter
12:33:01.15 (457034179)|ENTERING_MANAGED_PKG|sf4twitter
12:33:01.15 (457057509)|ENTERING_MANAGED_PKG|sf4twitter
12:33:01.15 (457069537)|ENTERING_MANAGED_PKG|sf4twitter
12:33:01.15 (457925700)|ENTERING_MANAGED_PKG|sf4twitter
12:33:01.15 (458187040)|ENTERING_MANAGED_PKG|sf4twitter
12:33:01.15 (458203987)|ENTERING_MANAGED_PKG|sf4twitter
12:33:01.15 (458241645)|ENTERING_MANAGED_PKG|sf4twitter
12:33:01.15 (458390620)|ENTERING_MANAGED_PKG|sf4twitter
12:33:01.15 (458425428)|ENTERING_MANAGED_PKG|sf4twitter
12:33:01.15 (459015965)|ENTERING_MANAGED_PKG|sf4twitter
12:33:01.15 (459118120)|ENTERING_MANAGED_PKG|sf4twitter
12:33:01.15 (489987896)|ENTERING_MANAGED_PKG|sf4twitter
12:33:01.15 (490060767)|ENTERING_MANAGED_PKG|sf4twitter
12:33:01.15 (490086957)|ENTERING_MANAGED_PKG|sf4twitter
12:33:01.15 (490111693)|ENTERING_MANAGED_PKG|sf4twitter
12:33:01.15 (490157590)|ENTERING_MANAGED_PKG|sf4twitter
12:33:01.15 (490182580)|ENTERING_MANAGED_PKG|sf4twitter
12:33:01.15 (490233923)|ENTERING_MANAGED_PKG|sf4twitter
12:33:01.15 (490254776)|ENTERING_MANAGED_PKG|sf4twitter
12:33:01.15 (490382932)|ENTERING_MANAGED_PKG|sf4twitter
12:33:01.15 (490405680)|ENTERING_MANAGED_PKG|sf4twitter
12:33:01.15 (490541232)|ENTERING_MANAGED_PKG|sf4twitter
12:33:01.15 (490565658)|ENTERING_MANAGED_PKG|sf4twitter
12:33:01.15 (491609630)|ENTERING_MANAGED_PKG|sf4twitter
12:33:01.15 (491631147)|ENTERING_MANAGED_PKG|sf4twitter
12:33:01.15 (493025056)|ENTERING_MANAGED_PKG|sf4twitter
12:33:01.15 (493042858)|ENTERING_MANAGED_PKG|sf4twitter
12:33:01.15 (493053426)|ENTERING_MANAGED_PKG|sf4twitter
12:33:01.15 (493066015)|ENTERING_MANAGED_PKG|sf4twitter
12:33:01.15 (493082846)|ENTERING_MANAGED_PKG|sf4twitter
12:33:01.15 (493109723)|ENTERING_MANAGED_PKG|sf4twitter
12:33:01.15 (493143884)|ENTERING_MANAGED_PKG|sf4twitter
12:33:01.15 (493225865)|ENTERING_MANAGED_PKG|sf4twitter
12:33:01.15 (493257403)|ENTERING_MANAGED_PKG|sf4twitter
12:33:01.15 (493395093)|ENTERING_MANAGED_PKG|sf4twitter
12:33:01.15 (493727650)|ENTERING_MANAGED_PKG|sf4twitter
12:33:01.15 (493790930)|ENTERING_MANAGED_PKG|sf4twitter
12:33:01.15 (493868886)|ENTERING_MANAGED_PKG|sf4twitter
12:33:01.15 (493907469)|ENTERING_MANAGED_PKG|sf4twitter
12:33:01.15 (493932632)|ENTERING_MANAGED_PKG|sf4twitter
12:33:01.15 (493987578)|ENTERING_MANAGED_PKG|sf4twitter
12:33:01.15 (494011099)|ENTERING_MANAGED_PKG|sf4twitter
12:33:01.15 (494079087)|ENTERING_MANAGED_PKG|sf4twitter
12:33:01.15 (494097847)|ENTERING_MANAGED_PKG|sf4twitter
12:33:01.15 (494113438)|ENTERING_MANAGED_PKG|sf4twitter
12:33:01.15 (494128048)|ENTERING_MANAGED_PKG|sf4twitter
12:33:01.15 (494142914)|ENTERING_MANAGED_PKG|sf4twitter
12:33:01.15 (494157838)|ENTERING_MANAGED_PKG|sf4twitter
12:33:01.15 (494172863)|ENTERING_MANAGED_PKG|sf4twitter
12:33:01.15 (494188263)|ENTERING_MANAGED_PKG|sf4twitter
12:33:01.15 (494203237)|ENTERING_MANAGED_PKG|sf4twitter
12:33:01.15 (494285441)|ENTERING_MANAGED_PKG|sf4twitter
12:33:01.15 (494305066)|ENTERING_MANAGED_PKG|sf4twitter
12:33:01.15 (494343576)|ENTERING_MANAGED_PKG|sf4twitter
12:33:01.15 (494359556)|ENTERING_MANAGED_PKG|sf4twitter
12:33:01.15 (494394887)|ENTERING_MANAGED_PKG|sf4twitter
12:33:01.15 (494431642)|ENTERING_MANAGED_PKG|sf4twitter
12:33:01.15 (494457419)|ENTERING_MANAGED_PKG|sf4twitter
12:33:01.15 (494478060)|ENTERING_MANAGED_PKG|sf4twitter
12:33:01.15 (494498922)|ENTERING_MANAGED_PKG|sf4twitter
12:33:01.15 (494514326)|ENTERING_MANAGED_PKG|sf4twitter
12:33:01.15 (494528734)|ENTERING_MANAGED_PKG|sf4twitter
12:33:01.15 (494559313)|ENTERING_MANAGED_PKG|sf4twitter
12:33:01.15 (494575423)|ENTERING_MANAGED_PKG|sf4twitter
12:33:01.15 (494590331)|ENTERING_MANAGED_PKG|sf4twitter
12:33:01.15 (494657826)|ENTERING_MANAGED_PKG|sf4twitter
12:33:01.15 (495610835)|SOQL_EXECUTE_BEGIN|[47]|Aggregations:0|SELECT Id, sf4twitter__Username__c, sf4twitter__Valid__c, sf4twitter__Password__c, sf4twitter__Bit_ly_Password__c, sf4twitter__OAuth_Token__c, sf4twitter__OAuth_Secret__c FROM Twitter_Account__c WHERE (Id = :tmpVar1 AND Valid__c = TRUE AND Active__c = TRUE) LIMIT 1
12:33:01.15 (501948731)|SOQL_EXECUTE_END|[47]|Rows:1
12:33:01.15 (502111717)|ENTERING_MANAGED_PKG|sf4twitter
12:33:01.15 (502843520)|ENTERING_MANAGED_PKG|sf4twitter
12:33:01.15 (502915303)|ENTERING_MANAGED_PKG|sf4twitter
12:33:01.15 (503743565)|SOQL_EXECUTE_BEGIN|[40]|Aggregations:0|SELECT id, name, sf4twitter__Twitter_Password__c, sf4twitter__Bitly_Password__c, sf4twitter__OAuth_Secret__c, sf4twitter__OAuth_Token__c FROM Twitter_Credentials__c WHERE name = :tmpVar1 ORDER BY LastModifiedDate DESC NULLS FIRST LIMIT 1
12:33:01.15 (509498914)|SOQL_EXECUTE_END|[40]|Rows:1
12:33:01.15 (510131865)|ENTERING_MANAGED_PKG|sf4twitter
12:33:01.15 (510169206)|ENTERING_MANAGED_PKG|sf4twitter
12:33:01.15 (510271395)|ENTERING_MANAGED_PKG|sf4twitter
12:33:01.15 (510325305)|ENTERING_MANAGED_PKG|sf4twitter
12:33:01.15 (510365276)|ENTERING_MANAGED_PKG|sf4twitter
12:33:01.15 (510469745)|ENTERING_MANAGED_PKG|sf4twitter
12:33:01.15 (510491825)|ENTERING_MANAGED_PKG|sf4twitter
12:33:01.15 (510522187)|ENTERING_MANAGED_PKG|sf4twitter
12:33:01.15 (510581182)|ENTERING_MANAGED_PKG|sf4twitter
12:33:01.15 (510625797)|ENTERING_MANAGED_PKG|sf4twitter
12:33:01.15 (510865875)|ENTERING_MANAGED_PKG|sf4twitter
12:33:01.15 (510912963)|ENTERING_MANAGED_PKG|sf4twitter
12:33:01.15 (510943150)|ENTERING_MANAGED_PKG|sf4twitter
12:33:01.15 (510966122)|ENTERING_MANAGED_PKG|sf4twitter
12:33:01.15 (510985463)|ENTERING_MANAGED_PKG|sf4twitter
12:33:01.15 (511063894)|ENTERING_MANAGED_PKG|sf4twitter
12:33:01.15 (511088693)|ENTERING_MANAGED_PKG|sf4twitter
12:33:01.15 (511108555)|ENTERING_MANAGED_PKG|sf4twitter
12:33:01.15 (511128915)|ENTERING_MANAGED_PKG|sf4twitter
12:33:01.15 (511147904)|ENTERING_MANAGED_PKG|sf4twitter
12:33:01.15 (511219977)|ENTERING_MANAGED_PKG|sf4twitter
12:33:01.15 (511301226)|ENTERING_MANAGED_PKG|sf4twitter
12:33:01.15 (511381149)|ENTERING_MANAGED_PKG|sf4twitter
12:33:01.15 (511437043)|ENTERING_MANAGED_PKG|sf4twitter
12:33:01.15 (511557503)|ENTERING_MANAGED_PKG|sf4twitter
12:33:01.15 (511669441)|ENTERING_MANAGED_PKG|sf4twitter
12:33:01.15 (511771027)|ENTERING_MANAGED_PKG|sf4twitter
12:33:01.15 (511841349)|ENTERING_MANAGED_PKG|sf4twitter
12:33:01.15 (511881267)|ENTERING_MANAGED_PKG|sf4twitter
12:33:01.15 (511922241)|ENTERING_MANAGED_PKG|sf4twitter
12:33:01.15 (516671315)|ENTERING_MANAGED_PKG|sf4twitter
12:33:01.15 (516708603)|ENTERING_MANAGED_PKG|sf4twitter
12:33:01.15 (516742305)|ENTERING_MANAGED_PKG|sf4twitter
12:33:01.15 (516813561)|ENTERING_MANAGED_PKG|sf4twitter
12:33:01.15 (516859288)|ENTERING_MANAGED_PKG|sf4twitter
12:33:01.15 (516904356)|ENTERING_MANAGED_PKG|sf4twitter
12:33:01.15 (516948591)|ENTERING_MANAGED_PKG|sf4twitter
12:33:01.15 (516992775)|ENTERING_MANAGED_PKG|sf4twitter
12:33:01.15 (517050818)|ENTERING_MANAGED_PKG|sf4twitter
12:33:01.15 (517097978)|ENTERING_MANAGED_PKG|sf4twitter
12:33:01.15 (517142445)|ENTERING_MANAGED_PKG|sf4twitter
12:33:01.15 (517168407)|ENTERING_MANAGED_PKG|sf4twitter
12:33:01.15 (517210144)|ENTERING_MANAGED_PKG|sf4twitter
12:33:01.15 (517268656)|ENTERING_MANAGED_PKG|sf4twitter
12:33:01.15 (517310986)|ENTERING_MANAGED_PKG|sf4twitter
12:33:01.15 (517360708)|ENTERING_MANAGED_PKG|sf4twitter
12:33:01.15 (517382939)|ENTERING_MANAGED_PKG|sf4twitter
12:33:01.15 (517402084)|ENTERING_MANAGED_PKG|sf4twitter
12:33:01.15 (517420441)|ENTERING_MANAGED_PKG|sf4twitter
12:33:01.15 (517438620)|ENTERING_MANAGED_PKG|sf4twitter
12:33:01.15 (517472487)|ENTERING_MANAGED_PKG|sf4twitter
12:33:01.15 (517503601)|ENTERING_MANAGED_PKG|sf4twitter
12:33:01.15 (517517552)|ENTERING_MANAGED_PKG|sf4twitter
12:33:01.15 (518564132)|ENTERING_MANAGED_PKG|sf4twitter
12:33:01.15 (518859682)|ENTERING_MANAGED_PKG|sf4twitter
12:33:01.15 (518877389)|ENTERING_MANAGED_PKG|sf4twitter
12:33:01.15 (518938045)|ENTERING_MANAGED_PKG|sf4twitter
12:33:01.15 (519123853)|ENTERING_MANAGED_PKG|sf4twitter
12:33:01.15 (519150756)|ENTERING_MANAGED_PKG|sf4twitter
12:33:01.15 (519622793)|ENTERING_MANAGED_PKG|sf4twitter
12:33:01.15 (519734648)|ENTERING_MANAGED_PKG|sf4twitter
12:33:01.15 (595051657)|ENTERING_MANAGED_PKG|sf4twitter
12:33:01.15 (595110953)|ENTERING_MANAGED_PKG|sf4twitter
12:33:01.15 (595129659)|ENTERING_MANAGED_PKG|sf4twitter
12:33:01.15 (595141501)|ENTERING_MANAGED_PKG|sf4twitter
12:33:01.15 (595181668)|ENTERING_MANAGED_PKG|sf4twitter
12:33:01.15 (595205816)|ENTERING_MANAGED_PKG|sf4twitter
12:33:01.15 (595255546)|ENTERING_MANAGED_PKG|sf4twitter
12:33:01.15 (595275045)|ENTERING_MANAGED_PKG|sf4twitter
12:33:01.15 (595346380)|ENTERING_MANAGED_PKG|sf4twitter
12:33:01.15 (595365335)|ENTERING_MANAGED_PKG|sf4twitter
12:33:01.15 (595560695)|ENTERING_MANAGED_PKG|sf4twitter
12:33:01.15 (595593248)|ENTERING_MANAGED_PKG|sf4twitter
12:33:01.15 (596443274)|ENTERING_MANAGED_PKG|sf4twitter
12:33:01.15 (596463940)|ENTERING_MANAGED_PKG|sf4twitter
12:33:01.15 (597985991)|ENTERING_MANAGED_PKG|sf4twitter
12:33:01.15 (598004785)|ENTERING_MANAGED_PKG|sf4twitter
12:33:01.15 (598016066)|ENTERING_MANAGED_PKG|sf4twitter
12:33:01.15 (598031661)|ENTERING_MANAGED_PKG|sf4twitter
12:33:01.15 (598048823)|ENTERING_MANAGED_PKG|sf4twitter
12:33:01.15 (598076189)|ENTERING_MANAGED_PKG|sf4twitter
12:33:01.15 (598122898)|ENTERING_MANAGED_PKG|sf4twitter
12:33:01.15 (598218043)|ENTERING_MANAGED_PKG|sf4twitter
12:33:01.15 (598267122)|ENTERING_MANAGED_PKG|sf4twitter
12:33:01.15 (598351047)|ENTERING_MANAGED_PKG|sf4twitter
12:33:01.15 (598725726)|ENTERING_MANAGED_PKG|sf4twitter
12:33:01.15 (598784110)|ENTERING_MANAGED_PKG|sf4twitter
12:33:01.15 (598880747)|ENTERING_MANAGED_PKG|sf4twitter
12:33:01.15 (599300026)|ENTERING_MANAGED_PKG|sf4twitter
12:33:01.15 (599403530)|ENTERING_MANAGED_PKG|sf4twitter
12:33:01.15 (599632169)|ENTERING_MANAGED_PKG|sf4twitter
12:33:01.15 (599738243)|ENTERING_MANAGED_PKG|sf4twitter
12:33:01.15 (599946465)|ENTERING_MANAGED_PKG|sf4twitter
12:33:01.15 (604100358)|SAVEPOINT_SET|[695]|SavepointValue0
12:33:01.15 (604145267)|ENTERING_MANAGED_PKG|sf4twitter
12:33:01.15 (604237128)|ENTERING_MANAGED_PKG|sf4twitter
12:33:01.15 (604303498)|ENTERING_MANAGED_PKG|sf4twitter
12:33:01.15 (604382130)|ENTERING_MANAGED_PKG|sf4twitter
12:33:01.15 (604406957)|ENTERING_MANAGED_PKG|sf4twitter
12:33:01.15 (604446615)|ENTERING_MANAGED_PKG|sf4twitter
12:33:01.15 (604582572)|ENTERING_MANAGED_PKG|sf4twitter
12:33:01.15 (604711634)|ENTERING_MANAGED_PKG|sf4twitter
12:33:01.15 (605495673)|SOQL_EXECUTE_BEGIN|[1024]|Aggregations:0|SELECT Id, sf4twitter__TwitterID__c, sf4twitter__Direct_Message__c FROM Twitter_Conversation__c 
12:33:01.15 (609119330)|SOQL_EXECUTE_END|[1024]|Rows:0
12:33:01.15 (610066068)|ENTERING_MANAGED_PKG|sf4twitter
12:33:01.15 (611463008)|SOQL_EXECUTE_BEGIN|[1035]|Aggregations:0|SELECT Id, sf4twitter__Case__c, Case__r.ClosedDate, Case__r.isClosed, sf4twitter__Case__r.sf4twitter__twitterId__c, sf4twitter__Case__r.sf4twitter__Twitter_Username__c, Case__r.Status, sf4twitter__Contact__c, sf4twitter__TwitterID__c, sf4twitter__Parent__c, sf4twitter__Message__c, sf4twitter__Author_Real_Name__c, sf4twitter__Author_Name__c, sf4twitter__Direct_Message__c, sf4twitter__Type__c, sf4twitter__In_Reply_To_Status_Id__c, sf4twitter__In_Reply_To_User_Id__c FROM Twitter_Conversation__c WHERE twitterid__c = :tmpVar1 LIMIT :tmpVar2
12:33:01.15 (616837672)|SOQL_EXECUTE_END|[1035]|Rows:0
12:33:01.15 (617106855)|ENTERING_MANAGED_PKG|sf4twitter
12:33:01.15 (617213789)|ENTERING_MANAGED_PKG|sf4twitter
12:33:01.15 (618182224)|ENTERING_MANAGED_PKG|sf4twitter
12:33:01.15 (618264027)|ENTERING_MANAGED_PKG|sf4twitter
12:33:01.15 (618330498)|ENTERING_MANAGED_PKG|sf4twitter
12:33:01.15 (618365416)|ENTERING_MANAGED_PKG|sf4twitter
12:33:01.15 (619078258)|SOQL_EXECUTE_BEGIN|[57]|Aggregations:0|SELECT Id, Name, sf4twitter__Twitter_Username__c, accountId FROM Contact 
12:33:01.15 (622750672)|SOQL_EXECUTE_END|[57]|Rows:0
12:33:01.15 (623085712)|ENTERING_MANAGED_PKG|sf4twitter
12:33:01.15 (623129278)|ENTERING_MANAGED_PKG|sf4twitter
12:33:01.15 (623155280)|ENTERING_MANAGED_PKG|sf4twitter
12:33:01.15 (627084926)|SOQL_EXECUTE_BEGIN|[63]|Aggregations:0|SELECT Id, Name, sf4twitter__Twitter_Username__c FROM Lead 
12:33:01.15 (631437546)|SOQL_EXECUTE_END|[63]|Rows:0
12:33:01.15 (631876560)|ENTERING_MANAGED_PKG|sf4twitter
12:33:01.15 (632263865)|ENTERING_MANAGED_PKG|sf4twitter
12:33:01.15 (632353681)|ENTERING_MANAGED_PKG|sf4twitter
12:33:01.15 (632404734)|ENTERING_MANAGED_PKG|sf4twitter
12:33:01.15 (632435275)|ENTERING_MANAGED_PKG|sf4twitter
12:33:01.15 (632672855)|ENTERING_MANAGED_PKG|sf4twitter
12:33:01.15 (632707529)|ENTERING_MANAGED_PKG|sf4twitter
12:33:01.15 (632730989)|ENTERING_MANAGED_PKG|sf4twitter
12:33:01.15 (632918776)|ENTERING_MANAGED_PKG|sf4twitter
12:33:01.15 (632997108)|ENTERING_MANAGED_PKG|sf4twitter
12:33:01.15 (633064425)|ENTERING_MANAGED_PKG|sf4twitter
12:33:01.15 (633309953)|ENTERING_MANAGED_PKG|sf4twitter
12:33:01.15 (633373291)|ENTERING_MANAGED_PKG|sf4twitter
12:33:01.15 (633407526)|ENTERING_MANAGED_PKG|sf4twitter
12:33:01.15 (633431734)|ENTERING_MANAGED_PKG|sf4twitter
12:33:01.15 (634698902)|SOQL_EXECUTE_BEGIN|[427]|Aggregations:0|SELECT sf4twitter__TwitterID__c, case__r.id, sf4twitter__Case__r.sf4twitter__Twitter_Username__c, case__r.CreatedDate, case__r.ContactId, sf4twitter__Case__r.sf4twitter__twitterId__c, case__r.subject, case__r.closedDate, case__r.status, Case__r.isClosed FROM Twitter_Conversation__c 
12:33:01.15 (638891139)|SOQL_EXECUTE_END|[427]|Rows:0
12:33:01.15 (639886413)|SOQL_EXECUTE_BEGIN|[443]|Aggregations:0|SELECT id, sf4twitter__Twitter_Username__c, CreatedDate, isClosed, ContactId, sf4twitter__twitterId__c, subject, closedDate, status FROM Case 
12:33:01.15 (641856323)|SOQL_EXECUTE_END|[443]|Rows:0
12:33:01.15 (642285411)|ENTERING_MANAGED_PKG|sf4twitter
12:33:01.15 (642485820)|ENTERING_MANAGED_PKG|sf4twitter
12:33:01.15 (642625386)|ENTERING_MANAGED_PKG|sf4twitter
12:33:01.15 (642853564)|ENTERING_MANAGED_PKG|sf4twitter
12:33:01.15 (643171794)|ENTERING_MANAGED_PKG|sf4twitter
12:33:01.15 (643309652)|ENTERING_MANAGED_PKG|sf4twitter
12:33:01.15 (643788585)|ENTERING_MANAGED_PKG|sf4twitter
12:33:01.15 (643914333)|ENTERING_MANAGED_PKG|sf4twitter
12:33:01.15 (644034890)|ENTERING_MANAGED_PKG|sf4twitter
12:33:01.15 (644411096)|ENTERING_MANAGED_PKG|sf4twitter
12:33:01.15 (644942832)|ENTERING_MANAGED_PKG|sf4twitter
12:33:01.15 (644979970)|ENTERING_MANAGED_PKG|sf4twitter
12:33:01.15 (645555916)|ENTERING_MANAGED_PKG|sf4twitter
12:33:01.15 (645716700)|ENTERING_MANAGED_PKG|sf4twitter
12:33:01.15 (646069440)|ENTERING_MANAGED_PKG|sf4twitter
12:33:01.15 (646187523)|ENTERING_MANAGED_PKG|sf4twitter
12:33:01.15 (646446591)|DML_BEGIN|[704]|Op:Update|Type:sf4twitter__Twitter_Account__c|Rows:1
12:33:01.15 (666395031)|ENTERING_MANAGED_PKG|sf4twitter
12:33:01.15 (666764635)|ENTERING_MANAGED_PKG|sf4twitter
12:33:01.15 (668450981)|ENTERING_MANAGED_PKG|sf4twitter
12:33:01.15 (668510052)|ENTERING_MANAGED_PKG|sf4twitter
12:33:01.15 (668995660)|SOQL_EXECUTE_BEGIN|[134]|Aggregations:0|select Id from RecordType where isPersonType = true limit 1
12:33:01.15 (674838664)|SOQL_EXECUTE_END|[134]|Rows:1
12:33:01.15 (676491447)|ENTERING_MANAGED_PKG|sf4twitter
12:33:01.15 (676582453)|ENTERING_MANAGED_PKG|sf4twitter
12:33:01.15 (677064485)|SOQL_EXECUTE_BEGIN|[19]|Aggregations:0|select id from UserFeed limit 1
12:33:01.15 (682433607)|SOQL_EXECUTE_END|[19]|Rows:1
12:33:01.15 (683373095)|ENTERING_MANAGED_PKG|sf4twitter
12:33:01.15 (684040566)|ENTERING_MANAGED_PKG|sf4twitter
12:33:01.15 (684629467)|SOQL_EXECUTE_BEGIN|[40]|Aggregations:0|SELECT id, name, sf4twitter__Twitter_Password__c, sf4twitter__Bitly_Password__c, sf4twitter__OAuth_Secret__c, sf4twitter__OAuth_Token__c FROM Twitter_Credentials__c WHERE name = :tmpVar1 ORDER BY LastModifiedDate DESC NULLS FIRST LIMIT 1
12:33:01.15 (690468643)|SOQL_EXECUTE_END|[40]|Rows:1
12:33:01.15 (692111028)|DML_BEGIN|[51]|Op:Upsert|Type:sf4twitter__Twitter_Credentials__c|Rows:1
12:33:01.15 (726887779)|DML_END|[51]
12:33:01.727 (727225537)|CUMULATIVE_LIMIT_USAGE
12:33:01.727 (727225537)|LIMIT_USAGE_FOR_NS|(default)|
  Number of SOQL queries: 0 out of 200
  Number of query rows: 0 out of 50000
  Number of SOSL queries: 0 out of 20
  Number of DML statements: 0 out of 150
  Number of DML rows: 0 out of 10000
  Maximum CPU time: 184 out of 60000
  Maximum heap size: 0 out of 12000000
  Number of callouts: 0 out of 100
  Number of Email Invocations: 0 out of 10
  Number of future calls: 0 out of 50
  Number of queueable jobs added to the queue: 0 out of 1
  Number of Mobile Apex push calls: 0 out of 10

12:33:01.727 (727225537)|LIMIT_USAGE_FOR_NS|sf4twitter|
  Number of SOQL queries: 23 out of 200
  Number of query rows: 2138 out of 50000
  Number of SOSL queries: 0 out of 20
  Number of DML statements: 3 out of 150
  Number of DML rows: 3 out of 10000
  Maximum CPU time: 0 out of 60000
  Maximum heap size: 0 out of 12000000
  Number of callouts: 4 out of 100
  Number of Email Invocations: 0 out of 10
  Number of future calls: 0 out of 50
  Number of queueable jobs added to the queue: 0 out of 1
  Number of Mobile Apex push calls: 0 out of 10

12:33:01.727 (727225537)|CUMULATIVE_LIMIT_USAGE_END

12:33:01.15 (744744936)|DML_END|[704]
12:33:01.15 (746493681)|SOQL_EXECUTE_BEGIN|[706]|Aggregations:0|SELECT sf4twitter__Last_Run_Time__c FROM Twitter_Scheduler__c WHERE Twitter_Account__c = :tmpVar1 LIMIT :tmpVar2
12:33:01.15 (750940965)|SOQL_EXECUTE_END|[706]|Rows:1
12:33:01.15 (751698149)|DML_BEGIN|[708]|Op:Update|Type:sf4twitter__Twitter_Scheduler__c|Rows:1
12:33:01.15 (774754041)|DML_END|[708]
12:33:01.15 (774890301)|ENTERING_MANAGED_PKG|sf4twitter
12:33:01.15 (803978549)|ENTERING_MANAGED_PKG|sf4twitter
12:33:01.15 (804359403)|ENTERING_MANAGED_PKG|sf4twitter
12:33:01.15 (804400309)|ENTERING_MANAGED_PKG|sf4twitter
12:33:01.15 (804560097)|ENTERING_MANAGED_PKG|sf4twitter
12:33:01.15 (804741550)|ENTERING_MANAGED_PKG|sf4twitter
12:33:01.15 (804774926)|ENTERING_MANAGED_PKG|sf4twitter
12:33:01.15 (805461505)|SOQL_EXECUTE_BEGIN|[73]|Aggregations:0|SELECT Name, id, Body FROM Document WHERE DeveloperName LIKE :tmpVar1 ORDER BY developerName DESC NULLS FIRST LIMIT 1
12:33:01.15 (829424120)|SOQL_EXECUTE_END|[73]|Rows:1
12:33:01.15 (829951903)|ENTERING_MANAGED_PKG|sf4twitter
12:33:01.15 (830051828)|ENTERING_MANAGED_PKG|sf4twitter
12:33:01.15 (833429868)|DML_BEGIN|[217]|Op:Update|Type:Document|Rows:1
12:33:01.15 (904961181)|DML_END|[217]
12:33:01.15 (905014337)|ENTERING_MANAGED_PKG|sf4twitter
