29.0 APEX_CODE,FINEST;APEX_PROFILING,INFO;CALLOUT,INFO;DB,INFO;SYSTEM,DEBUG;VALIDATION,INFO;VISUALFORCE,INFO;WORKFLOW,INFO
12:38:00.21 (21694664)|ENTERING_MANAGED_PKG|sf4twitter
12:38:00.21 (28320937)|ENTERING_MANAGED_PKG|sf4twitter
12:38:00.21 (28819903)|ENTERING_MANAGED_PKG|sf4twitter
12:38:00.21 (29296925)|ENTERING_MANAGED_PKG|sf4twitter
12:38:00.21 (29376910)|ENTERING_MANAGED_PKG|sf4twitter
12:38:00.21 (29599278)|ENTERING_MANAGED_PKG|sf4twitter
12:38:00.21 (29641596)|ENTERING_MANAGED_PKG|sf4twitter
12:38:00.21 (29749714)|ENTERING_MANAGED_PKG|sf4twitter
12:38:00.21 (31605068)|ENTERING_MANAGED_PKG|sf4twitter
12:38:00.21 (35785736)|ENTERING_MANAGED_PKG|sf4twitter
12:38:00.21 (39109104)|SOQL_EXECUTE_BEGIN|[9]|Aggregations:0|SELECT id, sf4twitter__Username__c FROM Twitter_Account__c 
12:38:00.21 (44017028)|SOQL_EXECUTE_END|[9]|Rows:1
12:38:00.21 (45228155)|ENTERING_MANAGED_PKG|sf4twitter
12:38:00.21 (46235453)|ENTERING_MANAGED_PKG|sf4twitter
12:38:00.21 (46253539)|ENTERING_MANAGED_PKG|sf4twitter
12:38:00.21 (46296857)|ENTERING_MANAGED_PKG|sf4twitter
12:38:00.21 (46330157)|ENTERING_MANAGED_PKG|sf4twitter
12:38:00.21 (46359056)|ENTERING_MANAGED_PKG|sf4twitter
12:38:00.21 (47907936)|SOQL_EXECUTE_BEGIN|[660]|Aggregations:0|SELECT sf4twitter__Username__c, sf4twitter__Unknown_Twitter_Usernames__c, sf4twitter__Twitter_Max_Twitter__c, sf4twitter__Partial_Twitter_Max_Twitter__c, sf4twitter__Twitter_Max_Message__c, sf4twitter__Partial_Twitter_Max_Message__c, SystemModstamp, sf4twitter__Password__c, OwnerId, Name, LastModifiedDate, LastModifiedById, IsDeleted, Id, sf4twitter__Enable_Auto_Case_Creation__c, CreatedDate, sf4twitter__Active__c, CreatedById, sf4twitter__Bit_ly_Username__c, sf4twitter__Bit_ly_Password__c, sf4twitter__associate_DM__c, sf4twitter__Send_Error_Email__c, sf4twitter__associate_cases_same_username__c, sf4twitter__closed_case_duration__c, sf4twitter__ignore_maxid__c, sf4twitter__Results_Per_Page__c, sf4twitter__OAuth_Secret__c, sf4twitter__OAuth_Token__c, sf4twitter__Tweet_Id_Threshold__c, sf4twitter__Direct_Message_Id_Threshold__c, sf4twitter__Last_Tweet_Ids__c, sf4twitter__Last_DM_Ids__c, sf4twitter__PartialTwitterMinMessage__c, sf4twitter__PartialTwitterMinTweets__c FROM Twitter_Account__c WHERE Id = :tmpVar1 LIMIT 1
12:38:00.21 (57810344)|SOQL_EXECUTE_END|[660]|Rows:1
12:38:00.21 (58149920)|ENTERING_MANAGED_PKG|sf4twitter
12:38:00.21 (58247478)|ENTERING_MANAGED_PKG|sf4twitter
12:38:00.21 (58859715)|ENTERING_MANAGED_PKG|sf4twitter
12:38:00.21 (59643404)|SOQL_EXECUTE_BEGIN|[459]|Aggregations:0|SELECT Id, CreatedById FROM AsyncApexJob WHERE MethodName = :tmpVar1
12:38:00.21 (110563021)|SOQL_EXECUTE_END|[459]|Rows:2124
12:38:00.21 (119379462)|SOQL_EXECUTE_BEGIN|[462]|Aggregations:0|SELECT Id, Username, IsActive FROM User WHERE Id = :tmpVar1
12:38:00.21 (127825909)|SOQL_EXECUTE_END|[462]|Rows:1
12:38:00.21 (130414126)|ENTERING_MANAGED_PKG|sf4twitter
12:38:00.21 (130513307)|ENTERING_MANAGED_PKG|sf4twitter
12:38:00.21 (132799440)|ENTERING_MANAGED_PKG|sf4twitter
12:38:00.21 (132819096)|ENTERING_MANAGED_PKG|sf4twitter
12:38:00.21 (132872092)|ENTERING_MANAGED_PKG|sf4twitter
12:38:00.21 (132887085)|ENTERING_MANAGED_PKG|sf4twitter
12:38:00.21 (132961297)|ENTERING_MANAGED_PKG|sf4twitter
12:38:00.21 (133322962)|ENTERING_MANAGED_PKG|sf4twitter
12:38:00.21 (139515704)|ENTERING_MANAGED_PKG|sf4twitter
12:38:00.21 (139722577)|ENTERING_MANAGED_PKG|sf4twitter
12:38:00.21 (140034518)|ENTERING_MANAGED_PKG|sf4twitter
12:38:00.21 (140103378)|ENTERING_MANAGED_PKG|sf4twitter
12:38:00.21 (140142387)|ENTERING_MANAGED_PKG|sf4twitter
12:38:00.21 (140217749)|ENTERING_MANAGED_PKG|sf4twitter
12:38:00.21 (141397739)|ENTERING_MANAGED_PKG|sf4twitter
12:38:00.21 (148878245)|ENTERING_MANAGED_PKG|sf4twitter
12:38:00.21 (150175341)|ENTERING_MANAGED_PKG|sf4twitter
12:38:00.21 (150220646)|ENTERING_MANAGED_PKG|sf4twitter
12:38:00.21 (150602404)|ENTERING_MANAGED_PKG|sf4twitter
12:38:00.21 (151055862)|SOQL_EXECUTE_BEGIN|[9]|Aggregations:0|SELECT id, sf4twitter__Username__c FROM Twitter_Account__c 
12:38:00.21 (155186495)|SOQL_EXECUTE_END|[9]|Rows:1
12:38:00.21 (157873419)|ENTERING_MANAGED_PKG|sf4twitter
12:38:00.21 (157952052)|ENTERING_MANAGED_PKG|sf4twitter
12:38:00.21 (158085768)|ENTERING_MANAGED_PKG|sf4twitter
12:38:00.21 (159630621)|ENTERING_MANAGED_PKG|sf4twitter
12:38:00.21 (160442223)|ENTERING_MANAGED_PKG|sf4twitter
12:38:00.21 (165549317)|SOQL_EXECUTE_BEGIN|[404]|Aggregations:0|SELECT id, name FROM Account WHERE name = :tmpVar1 LIMIT 1
12:38:00.21 (176391302)|SOQL_EXECUTE_END|[404]|Rows:0
12:38:00.21 (176708851)|ENTERING_MANAGED_PKG|sf4twitter
12:38:00.21 (177039065)|ENTERING_MANAGED_PKG|sf4twitter
12:38:00.21 (177308044)|ENTERING_MANAGED_PKG|sf4twitter
12:38:00.21 (177469194)|ENTERING_MANAGED_PKG|sf4twitter
12:38:00.21 (177678197)|ENTERING_MANAGED_PKG|sf4twitter
12:38:00.21 (177838275)|ENTERING_MANAGED_PKG|sf4twitter
12:38:00.21 (178043082)|ENTERING_MANAGED_PKG|sf4twitter
12:38:00.21 (178192792)|ENTERING_MANAGED_PKG|sf4twitter
12:38:00.21 (178403943)|ENTERING_MANAGED_PKG|sf4twitter
12:38:00.21 (178552413)|ENTERING_MANAGED_PKG|sf4twitter
12:38:00.21 (178684750)|ENTERING_MANAGED_PKG|sf4twitter
12:38:00.21 (178824786)|ENTERING_MANAGED_PKG|sf4twitter
12:38:00.21 (178982484)|ENTERING_MANAGED_PKG|sf4twitter
12:38:00.21 (179113237)|ENTERING_MANAGED_PKG|sf4twitter
12:38:00.21 (179271031)|ENTERING_MANAGED_PKG|sf4twitter
12:38:00.21 (179424530)|ENTERING_MANAGED_PKG|sf4twitter
12:38:00.21 (179579558)|ENTERING_MANAGED_PKG|sf4twitter
12:38:00.21 (179776036)|ENTERING_MANAGED_PKG|sf4twitter
12:38:00.21 (179917849)|ENTERING_MANAGED_PKG|sf4twitter
12:38:00.21 (180101123)|ENTERING_MANAGED_PKG|sf4twitter
12:38:00.21 (180261078)|ENTERING_MANAGED_PKG|sf4twitter
12:38:00.21 (181013813)|ENTERING_MANAGED_PKG|sf4twitter
12:38:00.21 (181116645)|ENTERING_MANAGED_PKG|sf4twitter
12:38:00.21 (184479014)|ENTERING_MANAGED_PKG|sf4twitter
12:38:00.21 (184916871)|ENTERING_MANAGED_PKG|sf4twitter
12:38:00.21 (185735206)|ENTERING_MANAGED_PKG|sf4twitter
12:38:00.21 (185875514)|ENTERING_MANAGED_PKG|sf4twitter
12:38:00.21 (185945969)|ENTERING_MANAGED_PKG|sf4twitter
12:38:00.21 (188275465)|ENTERING_MANAGED_PKG|sf4twitter
12:38:00.21 (188310744)|ENTERING_MANAGED_PKG|sf4twitter
12:38:00.21 (188383415)|ENTERING_MANAGED_PKG|sf4twitter
12:38:00.21 (188710379)|ENTERING_MANAGED_PKG|sf4twitter
12:38:00.21 (188785216)|ENTERING_MANAGED_PKG|sf4twitter
12:38:00.21 (188845834)|ENTERING_MANAGED_PKG|sf4twitter
12:38:00.21 (188876522)|ENTERING_MANAGED_PKG|sf4twitter
12:38:00.21 (188904299)|ENTERING_MANAGED_PKG|sf4twitter
12:38:00.21 (188932752)|ENTERING_MANAGED_PKG|sf4twitter
12:38:00.21 (188959131)|ENTERING_MANAGED_PKG|sf4twitter
12:38:00.21 (188993799)|ENTERING_MANAGED_PKG|sf4twitter
12:38:00.21 (189020569)|ENTERING_MANAGED_PKG|sf4twitter
12:38:00.21 (189051741)|ENTERING_MANAGED_PKG|sf4twitter
12:38:00.21 (189235851)|ENTERING_MANAGED_PKG|sf4twitter
12:38:00.21 (189265899)|ENTERING_MANAGED_PKG|sf4twitter
12:38:00.21 (189472411)|ENTERING_MANAGED_PKG|sf4twitter
12:38:00.21 (189499216)|ENTERING_MANAGED_PKG|sf4twitter
12:38:00.21 (189575601)|ENTERING_MANAGED_PKG|sf4twitter
12:38:00.21 (189625418)|ENTERING_MANAGED_PKG|sf4twitter
12:38:00.21 (189661946)|ENTERING_MANAGED_PKG|sf4twitter
12:38:00.21 (189692564)|ENTERING_MANAGED_PKG|sf4twitter
12:38:00.21 (189722725)|ENTERING_MANAGED_PKG|sf4twitter
12:38:00.21 (189745478)|ENTERING_MANAGED_PKG|sf4twitter
12:38:00.21 (189767844)|ENTERING_MANAGED_PKG|sf4twitter
12:38:00.21 (189792464)|ENTERING_MANAGED_PKG|sf4twitter
12:38:00.21 (189816606)|ENTERING_MANAGED_PKG|sf4twitter
12:38:00.21 (189840459)|ENTERING_MANAGED_PKG|sf4twitter
12:38:00.21 (189985108)|ENTERING_MANAGED_PKG|sf4twitter
12:38:00.21 (190779637)|SOQL_EXECUTE_BEGIN|[47]|Aggregations:0|SELECT Id, sf4twitter__Username__c, sf4twitter__Valid__c, sf4twitter__Password__c, sf4twitter__Bit_ly_Password__c, sf4twitter__OAuth_Token__c, sf4twitter__OAuth_Secret__c FROM Twitter_Account__c WHERE (Id = :tmpVar1 AND Valid__c = TRUE AND Active__c = TRUE) LIMIT 1
12:38:00.21 (195334753)|SOQL_EXECUTE_END|[47]|Rows:1
12:38:00.21 (196696109)|ENTERING_MANAGED_PKG|sf4twitter
12:38:00.21 (236345046)|ENTERING_MANAGED_PKG|sf4twitter
12:38:00.21 (236447040)|ENTERING_MANAGED_PKG|sf4twitter
12:38:00.21 (236647667)|ENTERING_MANAGED_PKG|sf4twitter
12:38:00.21 (236700280)|ENTERING_MANAGED_PKG|sf4twitter
12:38:00.21 (238771946)|SOQL_EXECUTE_BEGIN|[40]|Aggregations:0|SELECT id, name, sf4twitter__Twitter_Password__c, sf4twitter__Bitly_Password__c, sf4twitter__OAuth_Secret__c, sf4twitter__OAuth_Token__c FROM Twitter_Credentials__c WHERE name = :tmpVar1 ORDER BY LastModifiedDate DESC NULLS FIRST LIMIT 1
12:38:00.21 (245805878)|SOQL_EXECUTE_END|[40]|Rows:1
12:38:00.21 (247035588)|ENTERING_MANAGED_PKG|sf4twitter
12:38:00.21 (247107424)|ENTERING_MANAGED_PKG|sf4twitter
12:38:00.21 (247223544)|ENTERING_MANAGED_PKG|sf4twitter
12:38:00.21 (247268559)|ENTERING_MANAGED_PKG|sf4twitter
12:38:00.21 (247324667)|ENTERING_MANAGED_PKG|sf4twitter
12:38:00.21 (247511708)|ENTERING_MANAGED_PKG|sf4twitter
12:38:00.21 (247538968)|ENTERING_MANAGED_PKG|sf4twitter
12:38:00.21 (247598127)|ENTERING_MANAGED_PKG|sf4twitter
12:38:00.21 (247649471)|ENTERING_MANAGED_PKG|sf4twitter
12:38:00.21 (247691525)|ENTERING_MANAGED_PKG|sf4twitter
12:38:00.21 (247845295)|ENTERING_MANAGED_PKG|sf4twitter
12:38:00.21 (247874836)|ENTERING_MANAGED_PKG|sf4twitter
12:38:00.21 (247900203)|ENTERING_MANAGED_PKG|sf4twitter
12:38:00.21 (247926019)|ENTERING_MANAGED_PKG|sf4twitter
12:38:00.21 (247944381)|ENTERING_MANAGED_PKG|sf4twitter
12:38:00.21 (248009525)|ENTERING_MANAGED_PKG|sf4twitter
12:38:00.21 (248090494)|ENTERING_MANAGED_PKG|sf4twitter
12:38:00.21 (248233698)|ENTERING_MANAGED_PKG|sf4twitter
12:38:00.21 (248310858)|ENTERING_MANAGED_PKG|sf4twitter
12:38:00.21 (248448143)|ENTERING_MANAGED_PKG|sf4twitter
12:38:00.21 (248579343)|ENTERING_MANAGED_PKG|sf4twitter
12:38:00.21 (248634386)|ENTERING_MANAGED_PKG|sf4twitter
12:38:00.21 (248699115)|ENTERING_MANAGED_PKG|sf4twitter
12:38:00.21 (248744338)|ENTERING_MANAGED_PKG|sf4twitter
12:38:00.21 (252264786)|ENTERING_MANAGED_PKG|sf4twitter
12:38:00.21 (252331006)|ENTERING_MANAGED_PKG|sf4twitter
12:38:00.21 (252380861)|ENTERING_MANAGED_PKG|sf4twitter
12:38:00.21 (252444531)|ENTERING_MANAGED_PKG|sf4twitter
12:38:00.21 (252489188)|ENTERING_MANAGED_PKG|sf4twitter
12:38:00.21 (252523694)|ENTERING_MANAGED_PKG|sf4twitter
12:38:00.21 (252571088)|ENTERING_MANAGED_PKG|sf4twitter
12:38:00.21 (252616461)|ENTERING_MANAGED_PKG|sf4twitter
12:38:00.21 (252697552)|ENTERING_MANAGED_PKG|sf4twitter
12:38:00.21 (252734997)|ENTERING_MANAGED_PKG|sf4twitter
12:38:00.21 (252773280)|ENTERING_MANAGED_PKG|sf4twitter
12:38:00.21 (252799540)|ENTERING_MANAGED_PKG|sf4twitter
12:38:00.21 (252831877)|ENTERING_MANAGED_PKG|sf4twitter
12:38:00.21 (252859888)|ENTERING_MANAGED_PKG|sf4twitter
12:38:00.21 (252884963)|ENTERING_MANAGED_PKG|sf4twitter
12:38:00.21 (252943965)|ENTERING_MANAGED_PKG|sf4twitter
12:38:00.21 (252972581)|ENTERING_MANAGED_PKG|sf4twitter
12:38:00.21 (253003597)|ENTERING_MANAGED_PKG|sf4twitter
12:38:00.21 (253042004)|ENTERING_MANAGED_PKG|sf4twitter
12:38:00.21 (253075679)|ENTERING_MANAGED_PKG|sf4twitter
12:38:00.21 (253121341)|ENTERING_MANAGED_PKG|sf4twitter
12:38:00.21 (253163065)|ENTERING_MANAGED_PKG|sf4twitter
12:38:00.21 (253187073)|ENTERING_MANAGED_PKG|sf4twitter
12:38:00.21 (254072022)|ENTERING_MANAGED_PKG|sf4twitter
12:38:00.21 (254434307)|ENTERING_MANAGED_PKG|sf4twitter
12:38:00.21 (254453732)|ENTERING_MANAGED_PKG|sf4twitter
12:38:00.21 (254501702)|ENTERING_MANAGED_PKG|sf4twitter
12:38:00.21 (254819054)|ENTERING_MANAGED_PKG|sf4twitter
12:38:00.21 (254848541)|ENTERING_MANAGED_PKG|sf4twitter
12:38:00.21 (255445756)|ENTERING_MANAGED_PKG|sf4twitter
12:38:00.21 (255643386)|ENTERING_MANAGED_PKG|sf4twitter
12:38:00.21 (403164695)|ENTERING_MANAGED_PKG|sf4twitter
12:38:00.21 (403217629)|ENTERING_MANAGED_PKG|sf4twitter
12:38:00.21 (403254377)|ENTERING_MANAGED_PKG|sf4twitter
12:38:00.21 (403265412)|ENTERING_MANAGED_PKG|sf4twitter
12:38:00.21 (403329888)|ENTERING_MANAGED_PKG|sf4twitter
12:38:00.21 (403358473)|ENTERING_MANAGED_PKG|sf4twitter
12:38:00.21 (403436830)|ENTERING_MANAGED_PKG|sf4twitter
12:38:00.21 (403481853)|ENTERING_MANAGED_PKG|sf4twitter
12:38:00.21 (403605630)|ENTERING_MANAGED_PKG|sf4twitter
12:38:00.21 (403651713)|ENTERING_MANAGED_PKG|sf4twitter
12:38:00.21 (403840905)|ENTERING_MANAGED_PKG|sf4twitter
12:38:00.21 (403879236)|ENTERING_MANAGED_PKG|sf4twitter
12:38:00.21 (404824043)|ENTERING_MANAGED_PKG|sf4twitter
12:38:00.21 (404846560)|ENTERING_MANAGED_PKG|sf4twitter
12:38:00.21 (405763329)|ENTERING_MANAGED_PKG|sf4twitter
12:38:00.21 (405788588)|ENTERING_MANAGED_PKG|sf4twitter
12:38:00.21 (405800003)|ENTERING_MANAGED_PKG|sf4twitter
12:38:00.21 (405812393)|ENTERING_MANAGED_PKG|sf4twitter
12:38:00.21 (405833424)|ENTERING_MANAGED_PKG|sf4twitter
12:38:00.21 (405865755)|ENTERING_MANAGED_PKG|sf4twitter
12:38:00.21 (405901113)|ENTERING_MANAGED_PKG|sf4twitter
12:38:00.21 (405942668)|ENTERING_MANAGED_PKG|sf4twitter
12:38:00.21 (405968335)|ENTERING_MANAGED_PKG|sf4twitter
12:38:00.21 (406090554)|ENTERING_MANAGED_PKG|sf4twitter
12:38:00.21 (406583807)|ENTERING_MANAGED_PKG|sf4twitter
12:38:00.21 (406626976)|ENTERING_MANAGED_PKG|sf4twitter
12:38:00.21 (406726453)|ENTERING_MANAGED_PKG|sf4twitter
12:38:00.21 (406794387)|ENTERING_MANAGED_PKG|sf4twitter
12:38:00.21 (406833666)|ENTERING_MANAGED_PKG|sf4twitter
12:38:00.21 (406905634)|ENTERING_MANAGED_PKG|sf4twitter
12:38:00.21 (406937174)|ENTERING_MANAGED_PKG|sf4twitter
12:38:00.21 (407006795)|ENTERING_MANAGED_PKG|sf4twitter
12:38:00.21 (407035198)|ENTERING_MANAGED_PKG|sf4twitter
12:38:00.21 (407060743)|ENTERING_MANAGED_PKG|sf4twitter
12:38:00.21 (407085382)|ENTERING_MANAGED_PKG|sf4twitter
12:38:00.21 (407109766)|ENTERING_MANAGED_PKG|sf4twitter
12:38:00.21 (407133915)|ENTERING_MANAGED_PKG|sf4twitter
12:38:00.21 (407159232)|ENTERING_MANAGED_PKG|sf4twitter
12:38:00.21 (407184353)|ENTERING_MANAGED_PKG|sf4twitter
12:38:00.21 (407208957)|ENTERING_MANAGED_PKG|sf4twitter
12:38:00.21 (407317318)|ENTERING_MANAGED_PKG|sf4twitter
12:38:00.21 (407337567)|ENTERING_MANAGED_PKG|sf4twitter
12:38:00.21 (407374483)|ENTERING_MANAGED_PKG|sf4twitter
12:38:00.21 (407391314)|ENTERING_MANAGED_PKG|sf4twitter
12:38:00.21 (407409529)|ENTERING_MANAGED_PKG|sf4twitter
12:38:00.21 (407436590)|ENTERING_MANAGED_PKG|sf4twitter
12:38:00.21 (407460495)|ENTERING_MANAGED_PKG|sf4twitter
12:38:00.21 (407480796)|ENTERING_MANAGED_PKG|sf4twitter
12:38:00.21 (407501147)|ENTERING_MANAGED_PKG|sf4twitter
12:38:00.21 (407515095)|ENTERING_MANAGED_PKG|sf4twitter
12:38:00.21 (407528988)|ENTERING_MANAGED_PKG|sf4twitter
12:38:00.21 (407543664)|ENTERING_MANAGED_PKG|sf4twitter
12:38:00.21 (407558212)|ENTERING_MANAGED_PKG|sf4twitter
12:38:00.21 (407573056)|ENTERING_MANAGED_PKG|sf4twitter
12:38:00.21 (407633874)|ENTERING_MANAGED_PKG|sf4twitter
12:38:00.21 (408239766)|SOQL_EXECUTE_BEGIN|[47]|Aggregations:0|SELECT Id, sf4twitter__Username__c, sf4twitter__Valid__c, sf4twitter__Password__c, sf4twitter__Bit_ly_Password__c, sf4twitter__OAuth_Token__c, sf4twitter__OAuth_Secret__c FROM Twitter_Account__c WHERE (Id = :tmpVar1 AND Valid__c = TRUE AND Active__c = TRUE) LIMIT 1
12:38:00.21 (415279183)|SOQL_EXECUTE_END|[47]|Rows:1
12:38:00.21 (415466540)|ENTERING_MANAGED_PKG|sf4twitter
12:38:00.21 (416175268)|ENTERING_MANAGED_PKG|sf4twitter
12:38:00.21 (416227548)|ENTERING_MANAGED_PKG|sf4twitter
12:38:00.21 (416830939)|SOQL_EXECUTE_BEGIN|[40]|Aggregations:0|SELECT id, name, sf4twitter__Twitter_Password__c, sf4twitter__Bitly_Password__c, sf4twitter__OAuth_Secret__c, sf4twitter__OAuth_Token__c FROM Twitter_Credentials__c WHERE name = :tmpVar1 ORDER BY LastModifiedDate DESC NULLS FIRST LIMIT 1
12:38:00.21 (422308757)|SOQL_EXECUTE_END|[40]|Rows:1
12:38:00.21 (422707711)|ENTERING_MANAGED_PKG|sf4twitter
12:38:00.21 (422738275)|ENTERING_MANAGED_PKG|sf4twitter
12:38:00.21 (422801334)|ENTERING_MANAGED_PKG|sf4twitter
12:38:00.21 (422838208)|ENTERING_MANAGED_PKG|sf4twitter
12:38:00.21 (422859290)|ENTERING_MANAGED_PKG|sf4twitter
12:38:00.21 (422932971)|ENTERING_MANAGED_PKG|sf4twitter
12:38:00.21 (422952349)|ENTERING_MANAGED_PKG|sf4twitter
12:38:00.21 (422981329)|ENTERING_MANAGED_PKG|sf4twitter
12:38:00.21 (423005249)|ENTERING_MANAGED_PKG|sf4twitter
12:38:00.21 (423025866)|ENTERING_MANAGED_PKG|sf4twitter
12:38:00.21 (423092868)|ENTERING_MANAGED_PKG|sf4twitter
12:38:00.21 (423115080)|ENTERING_MANAGED_PKG|sf4twitter
12:38:00.21 (423134831)|ENTERING_MANAGED_PKG|sf4twitter
12:38:00.21 (423153079)|ENTERING_MANAGED_PKG|sf4twitter
12:38:00.21 (423170683)|ENTERING_MANAGED_PKG|sf4twitter
12:38:00.21 (423233615)|ENTERING_MANAGED_PKG|sf4twitter
12:38:00.21 (423301123)|ENTERING_MANAGED_PKG|sf4twitter
12:38:00.21 (423361650)|ENTERING_MANAGED_PKG|sf4twitter
12:38:00.21 (423405578)|ENTERING_MANAGED_PKG|sf4twitter
12:38:00.21 (423508658)|ENTERING_MANAGED_PKG|sf4twitter
12:38:00.21 (423575979)|ENTERING_MANAGED_PKG|sf4twitter
12:38:00.21 (423618190)|ENTERING_MANAGED_PKG|sf4twitter
12:38:00.21 (423647378)|ENTERING_MANAGED_PKG|sf4twitter
12:38:00.21 (423667153)|ENTERING_MANAGED_PKG|sf4twitter
12:38:00.21 (426594914)|ENTERING_MANAGED_PKG|sf4twitter
12:38:00.21 (426614021)|ENTERING_MANAGED_PKG|sf4twitter
12:38:00.21 (426629983)|ENTERING_MANAGED_PKG|sf4twitter
12:38:00.21 (426655462)|ENTERING_MANAGED_PKG|sf4twitter
12:38:00.21 (426676480)|ENTERING_MANAGED_PKG|sf4twitter
12:38:00.21 (426694869)|ENTERING_MANAGED_PKG|sf4twitter
12:38:00.21 (426717230)|ENTERING_MANAGED_PKG|sf4twitter
12:38:00.21 (426737488)|ENTERING_MANAGED_PKG|sf4twitter
12:38:00.21 (426764739)|ENTERING_MANAGED_PKG|sf4twitter
12:38:00.21 (426784779)|ENTERING_MANAGED_PKG|sf4twitter
12:38:00.21 (426804838)|ENTERING_MANAGED_PKG|sf4twitter
12:38:00.21 (426818893)|ENTERING_MANAGED_PKG|sf4twitter
12:38:00.21 (426840366)|ENTERING_MANAGED_PKG|sf4twitter
12:38:00.21 (426858759)|ENTERING_MANAGED_PKG|sf4twitter
12:38:00.21 (426875929)|ENTERING_MANAGED_PKG|sf4twitter
12:38:00.21 (426902339)|ENTERING_MANAGED_PKG|sf4twitter
12:38:00.21 (426921253)|ENTERING_MANAGED_PKG|sf4twitter
12:38:00.21 (426939698)|ENTERING_MANAGED_PKG|sf4twitter
12:38:00.21 (426957658)|ENTERING_MANAGED_PKG|sf4twitter
12:38:00.21 (426975545)|ENTERING_MANAGED_PKG|sf4twitter
12:38:00.21 (427012618)|ENTERING_MANAGED_PKG|sf4twitter
12:38:00.21 (427036344)|ENTERING_MANAGED_PKG|sf4twitter
12:38:00.21 (427047933)|ENTERING_MANAGED_PKG|sf4twitter
12:38:00.21 (427574264)|ENTERING_MANAGED_PKG|sf4twitter
12:38:00.21 (427751355)|ENTERING_MANAGED_PKG|sf4twitter
12:38:00.21 (427765150)|ENTERING_MANAGED_PKG|sf4twitter
12:38:00.21 (427797404)|ENTERING_MANAGED_PKG|sf4twitter
12:38:00.21 (427944536)|ENTERING_MANAGED_PKG|sf4twitter
12:38:00.21 (427962397)|ENTERING_MANAGED_PKG|sf4twitter
12:38:00.21 (428383534)|ENTERING_MANAGED_PKG|sf4twitter
12:38:00.21 (428475786)|ENTERING_MANAGED_PKG|sf4twitter
12:38:00.21 (466057160)|ENTERING_MANAGED_PKG|sf4twitter
12:38:00.21 (466103965)|ENTERING_MANAGED_PKG|sf4twitter
12:38:00.21 (466119057)|ENTERING_MANAGED_PKG|sf4twitter
12:38:00.21 (466129359)|ENTERING_MANAGED_PKG|sf4twitter
12:38:00.21 (466171298)|ENTERING_MANAGED_PKG|sf4twitter
12:38:00.21 (466194964)|ENTERING_MANAGED_PKG|sf4twitter
12:38:00.21 (466239930)|ENTERING_MANAGED_PKG|sf4twitter
12:38:00.21 (466257299)|ENTERING_MANAGED_PKG|sf4twitter
12:38:00.21 (466325616)|ENTERING_MANAGED_PKG|sf4twitter
12:38:00.21 (466343782)|ENTERING_MANAGED_PKG|sf4twitter
12:38:00.21 (466447583)|ENTERING_MANAGED_PKG|sf4twitter
12:38:00.21 (466464419)|ENTERING_MANAGED_PKG|sf4twitter
12:38:00.21 (469920877)|ENTERING_MANAGED_PKG|sf4twitter
12:38:00.21 (469952310)|ENTERING_MANAGED_PKG|sf4twitter
12:38:00.21 (471903371)|ENTERING_MANAGED_PKG|sf4twitter
12:38:00.21 (471937887)|ENTERING_MANAGED_PKG|sf4twitter
12:38:00.21 (471964057)|ENTERING_MANAGED_PKG|sf4twitter
12:38:00.21 (471993616)|ENTERING_MANAGED_PKG|sf4twitter
12:38:00.21 (472022929)|ENTERING_MANAGED_PKG|sf4twitter
12:38:00.21 (472066598)|ENTERING_MANAGED_PKG|sf4twitter
12:38:00.21 (472131635)|ENTERING_MANAGED_PKG|sf4twitter
12:38:00.21 (472223841)|ENTERING_MANAGED_PKG|sf4twitter
12:38:00.21 (472282839)|ENTERING_MANAGED_PKG|sf4twitter
12:38:00.21 (472355769)|ENTERING_MANAGED_PKG|sf4twitter
12:38:00.21 (472719578)|ENTERING_MANAGED_PKG|sf4twitter
12:38:00.21 (472784899)|ENTERING_MANAGED_PKG|sf4twitter
12:38:00.21 (473143744)|ENTERING_MANAGED_PKG|sf4twitter
12:38:00.21 (473204866)|ENTERING_MANAGED_PKG|sf4twitter
12:38:00.21 (473251317)|ENTERING_MANAGED_PKG|sf4twitter
12:38:00.21 (473325570)|ENTERING_MANAGED_PKG|sf4twitter
12:38:00.21 (473360011)|ENTERING_MANAGED_PKG|sf4twitter
12:38:00.21 (473442333)|ENTERING_MANAGED_PKG|sf4twitter
12:38:00.21 (473478291)|ENTERING_MANAGED_PKG|sf4twitter
12:38:00.21 (473507921)|ENTERING_MANAGED_PKG|sf4twitter
12:38:00.21 (473530957)|ENTERING_MANAGED_PKG|sf4twitter
12:38:00.21 (473551476)|ENTERING_MANAGED_PKG|sf4twitter
12:38:00.21 (473566665)|ENTERING_MANAGED_PKG|sf4twitter
12:38:00.21 (473581985)|ENTERING_MANAGED_PKG|sf4twitter
12:38:00.21 (473597510)|ENTERING_MANAGED_PKG|sf4twitter
12:38:00.21 (473612283)|ENTERING_MANAGED_PKG|sf4twitter
12:38:00.21 (473739527)|ENTERING_MANAGED_PKG|sf4twitter
12:38:00.21 (473775390)|ENTERING_MANAGED_PKG|sf4twitter
12:38:00.21 (473846116)|ENTERING_MANAGED_PKG|sf4twitter
12:38:00.21 (473880274)|ENTERING_MANAGED_PKG|sf4twitter
12:38:00.21 (473917614)|ENTERING_MANAGED_PKG|sf4twitter
12:38:00.21 (473964882)|ENTERING_MANAGED_PKG|sf4twitter
12:38:00.21 (474010113)|ENTERING_MANAGED_PKG|sf4twitter
12:38:00.21 (474049641)|ENTERING_MANAGED_PKG|sf4twitter
12:38:00.21 (474090758)|ENTERING_MANAGED_PKG|sf4twitter
12:38:00.21 (474120366)|ENTERING_MANAGED_PKG|sf4twitter
12:38:00.21 (474151138)|ENTERING_MANAGED_PKG|sf4twitter
12:38:00.21 (474184859)|ENTERING_MANAGED_PKG|sf4twitter
12:38:00.21 (474218232)|ENTERING_MANAGED_PKG|sf4twitter
12:38:00.21 (474251727)|ENTERING_MANAGED_PKG|sf4twitter
12:38:00.21 (474358371)|ENTERING_MANAGED_PKG|sf4twitter
12:38:00.21 (475442367)|SOQL_EXECUTE_BEGIN|[47]|Aggregations:0|SELECT Id, sf4twitter__Username__c, sf4twitter__Valid__c, sf4twitter__Password__c, sf4twitter__Bit_ly_Password__c, sf4twitter__OAuth_Token__c, sf4twitter__OAuth_Secret__c FROM Twitter_Account__c WHERE (Id = :tmpVar1 AND Valid__c = TRUE AND Active__c = TRUE) LIMIT 1
12:38:00.21 (479564983)|SOQL_EXECUTE_END|[47]|Rows:1
12:38:00.21 (479769061)|ENTERING_MANAGED_PKG|sf4twitter
12:38:00.21 (480584448)|ENTERING_MANAGED_PKG|sf4twitter
12:38:00.21 (480660926)|ENTERING_MANAGED_PKG|sf4twitter
12:38:00.21 (481563583)|SOQL_EXECUTE_BEGIN|[40]|Aggregations:0|SELECT id, name, sf4twitter__Twitter_Password__c, sf4twitter__Bitly_Password__c, sf4twitter__OAuth_Secret__c, sf4twitter__OAuth_Token__c FROM Twitter_Credentials__c WHERE name = :tmpVar1 ORDER BY LastModifiedDate DESC NULLS FIRST LIMIT 1
12:38:00.21 (487509352)|SOQL_EXECUTE_END|[40]|Rows:1
12:38:00.21 (488319196)|ENTERING_MANAGED_PKG|sf4twitter
12:38:00.21 (488390193)|ENTERING_MANAGED_PKG|sf4twitter
12:38:00.21 (488508031)|ENTERING_MANAGED_PKG|sf4twitter
12:38:00.21 (488569733)|ENTERING_MANAGED_PKG|sf4twitter
12:38:00.21 (488618351)|ENTERING_MANAGED_PKG|sf4twitter
12:38:00.21 (488755071)|ENTERING_MANAGED_PKG|sf4twitter
12:38:00.21 (488791367)|ENTERING_MANAGED_PKG|sf4twitter
12:38:00.21 (488856615)|ENTERING_MANAGED_PKG|sf4twitter
12:38:00.21 (488911496)|ENTERING_MANAGED_PKG|sf4twitter
12:38:00.21 (488962238)|ENTERING_MANAGED_PKG|sf4twitter
12:38:00.21 (489040498)|ENTERING_MANAGED_PKG|sf4twitter
12:38:00.21 (489086092)|ENTERING_MANAGED_PKG|sf4twitter
12:38:00.21 (489132015)|ENTERING_MANAGED_PKG|sf4twitter
12:38:00.21 (489180968)|ENTERING_MANAGED_PKG|sf4twitter
12:38:00.21 (489216631)|ENTERING_MANAGED_PKG|sf4twitter
12:38:00.21 (489396655)|ENTERING_MANAGED_PKG|sf4twitter
12:38:00.21 (489440886)|ENTERING_MANAGED_PKG|sf4twitter
12:38:00.21 (489483593)|ENTERING_MANAGED_PKG|sf4twitter
12:38:00.21 (489522939)|ENTERING_MANAGED_PKG|sf4twitter
12:38:00.21 (489560669)|ENTERING_MANAGED_PKG|sf4twitter
12:38:00.21 (489675930)|ENTERING_MANAGED_PKG|sf4twitter
12:38:00.21 (489785581)|ENTERING_MANAGED_PKG|sf4twitter
12:38:00.21 (489884717)|ENTERING_MANAGED_PKG|sf4twitter
12:38:00.21 (489975037)|ENTERING_MANAGED_PKG|sf4twitter
12:38:00.21 (490156000)|ENTERING_MANAGED_PKG|sf4twitter
12:38:00.21 (490298870)|ENTERING_MANAGED_PKG|sf4twitter
12:38:00.21 (490437632)|ENTERING_MANAGED_PKG|sf4twitter
12:38:00.21 (490528566)|ENTERING_MANAGED_PKG|sf4twitter
12:38:00.21 (490584607)|ENTERING_MANAGED_PKG|sf4twitter
12:38:00.21 (490625658)|ENTERING_MANAGED_PKG|sf4twitter
12:38:00.21 (494260153)|ENTERING_MANAGED_PKG|sf4twitter
12:38:00.21 (494282877)|ENTERING_MANAGED_PKG|sf4twitter
12:38:00.21 (494303866)|ENTERING_MANAGED_PKG|sf4twitter
12:38:00.21 (494339031)|ENTERING_MANAGED_PKG|sf4twitter
12:38:00.21 (494362128)|ENTERING_MANAGED_PKG|sf4twitter
12:38:00.21 (494382912)|ENTERING_MANAGED_PKG|sf4twitter
12:38:00.21 (494406754)|ENTERING_MANAGED_PKG|sf4twitter
12:38:00.21 (494428588)|ENTERING_MANAGED_PKG|sf4twitter
12:38:00.21 (494456516)|ENTERING_MANAGED_PKG|sf4twitter
12:38:00.21 (494477041)|ENTERING_MANAGED_PKG|sf4twitter
12:38:00.21 (494497555)|ENTERING_MANAGED_PKG|sf4twitter
12:38:00.21 (494512179)|ENTERING_MANAGED_PKG|sf4twitter
12:38:00.21 (494540738)|ENTERING_MANAGED_PKG|sf4twitter
12:38:00.21 (494565269)|ENTERING_MANAGED_PKG|sf4twitter
12:38:00.21 (494601270)|ENTERING_MANAGED_PKG|sf4twitter
12:38:00.21 (494661109)|ENTERING_MANAGED_PKG|sf4twitter
12:38:00.21 (494688451)|ENTERING_MANAGED_PKG|sf4twitter
12:38:00.21 (494713831)|ENTERING_MANAGED_PKG|sf4twitter
12:38:00.21 (494737446)|ENTERING_MANAGED_PKG|sf4twitter
12:38:00.21 (494757406)|ENTERING_MANAGED_PKG|sf4twitter
12:38:00.21 (494794124)|ENTERING_MANAGED_PKG|sf4twitter
12:38:00.21 (494824793)|ENTERING_MANAGED_PKG|sf4twitter
12:38:00.21 (494837729)|ENTERING_MANAGED_PKG|sf4twitter
12:38:00.21 (495489048)|ENTERING_MANAGED_PKG|sf4twitter
12:38:00.21 (495703127)|ENTERING_MANAGED_PKG|sf4twitter
12:38:00.21 (495719258)|ENTERING_MANAGED_PKG|sf4twitter
12:38:00.21 (495762728)|ENTERING_MANAGED_PKG|sf4twitter
12:38:00.21 (495954424)|ENTERING_MANAGED_PKG|sf4twitter
12:38:00.21 (495980015)|ENTERING_MANAGED_PKG|sf4twitter
12:38:00.21 (496464012)|ENTERING_MANAGED_PKG|sf4twitter
12:38:00.21 (496572606)|ENTERING_MANAGED_PKG|sf4twitter
12:38:00.21 (574735975)|ENTERING_MANAGED_PKG|sf4twitter
12:38:00.21 (574794208)|ENTERING_MANAGED_PKG|sf4twitter
12:38:00.21 (574811499)|ENTERING_MANAGED_PKG|sf4twitter
12:38:00.21 (574821385)|ENTERING_MANAGED_PKG|sf4twitter
12:38:00.21 (574863076)|ENTERING_MANAGED_PKG|sf4twitter
12:38:00.21 (574887873)|ENTERING_MANAGED_PKG|sf4twitter
12:38:00.21 (574934240)|ENTERING_MANAGED_PKG|sf4twitter
12:38:00.21 (574952253)|ENTERING_MANAGED_PKG|sf4twitter
12:38:00.21 (575025908)|ENTERING_MANAGED_PKG|sf4twitter
12:38:00.21 (575051906)|ENTERING_MANAGED_PKG|sf4twitter
12:38:00.21 (575180137)|ENTERING_MANAGED_PKG|sf4twitter
12:38:00.21 (575202198)|ENTERING_MANAGED_PKG|sf4twitter
12:38:00.21 (576017164)|ENTERING_MANAGED_PKG|sf4twitter
12:38:00.21 (576037574)|ENTERING_MANAGED_PKG|sf4twitter
12:38:00.21 (577117609)|ENTERING_MANAGED_PKG|sf4twitter
12:38:00.21 (577134915)|ENTERING_MANAGED_PKG|sf4twitter
12:38:00.21 (577144908)|ENTERING_MANAGED_PKG|sf4twitter
12:38:00.21 (577162365)|ENTERING_MANAGED_PKG|sf4twitter
12:38:00.21 (577183591)|ENTERING_MANAGED_PKG|sf4twitter
12:38:00.21 (577218498)|ENTERING_MANAGED_PKG|sf4twitter
12:38:00.21 (577260351)|ENTERING_MANAGED_PKG|sf4twitter
12:38:00.21 (577338831)|ENTERING_MANAGED_PKG|sf4twitter
12:38:00.21 (577375321)|ENTERING_MANAGED_PKG|sf4twitter
12:38:00.21 (577528721)|ENTERING_MANAGED_PKG|sf4twitter
12:38:00.21 (577847175)|ENTERING_MANAGED_PKG|sf4twitter
12:38:00.21 (577899215)|ENTERING_MANAGED_PKG|sf4twitter
12:38:00.21 (577975418)|ENTERING_MANAGED_PKG|sf4twitter
12:38:00.21 (578020170)|ENTERING_MANAGED_PKG|sf4twitter
12:38:00.21 (578051175)|ENTERING_MANAGED_PKG|sf4twitter
12:38:00.21 (578108389)|ENTERING_MANAGED_PKG|sf4twitter
12:38:00.21 (578131505)|ENTERING_MANAGED_PKG|sf4twitter
12:38:00.21 (578176185)|ENTERING_MANAGED_PKG|sf4twitter
12:38:00.21 (578192991)|ENTERING_MANAGED_PKG|sf4twitter
12:38:00.21 (578208352)|ENTERING_MANAGED_PKG|sf4twitter
12:38:00.21 (578223092)|ENTERING_MANAGED_PKG|sf4twitter
12:38:00.21 (578237389)|ENTERING_MANAGED_PKG|sf4twitter
12:38:00.21 (578256710)|ENTERING_MANAGED_PKG|sf4twitter
12:38:00.21 (578277003)|ENTERING_MANAGED_PKG|sf4twitter
12:38:00.21 (578294201)|ENTERING_MANAGED_PKG|sf4twitter
12:38:00.21 (578314259)|ENTERING_MANAGED_PKG|sf4twitter
12:38:00.21 (578410876)|ENTERING_MANAGED_PKG|sf4twitter
12:38:00.21 (578433341)|ENTERING_MANAGED_PKG|sf4twitter
12:38:00.21 (578480046)|ENTERING_MANAGED_PKG|sf4twitter
12:38:00.21 (578497072)|ENTERING_MANAGED_PKG|sf4twitter
12:38:00.21 (578521087)|ENTERING_MANAGED_PKG|sf4twitter
12:38:00.21 (578561807)|ENTERING_MANAGED_PKG|sf4twitter
12:38:00.21 (578592185)|ENTERING_MANAGED_PKG|sf4twitter
12:38:00.21 (578617041)|ENTERING_MANAGED_PKG|sf4twitter
12:38:00.21 (578643209)|ENTERING_MANAGED_PKG|sf4twitter
12:38:00.21 (578665886)|ENTERING_MANAGED_PKG|sf4twitter
12:38:00.21 (578686524)|ENTERING_MANAGED_PKG|sf4twitter
12:38:00.21 (578705186)|ENTERING_MANAGED_PKG|sf4twitter
12:38:00.21 (578722054)|ENTERING_MANAGED_PKG|sf4twitter
12:38:00.21 (578736726)|ENTERING_MANAGED_PKG|sf4twitter
12:38:00.21 (578800771)|ENTERING_MANAGED_PKG|sf4twitter
12:38:00.21 (579566020)|SOQL_EXECUTE_BEGIN|[47]|Aggregations:0|SELECT Id, sf4twitter__Username__c, sf4twitter__Valid__c, sf4twitter__Password__c, sf4twitter__Bit_ly_Password__c, sf4twitter__OAuth_Token__c, sf4twitter__OAuth_Secret__c FROM Twitter_Account__c WHERE (Id = :tmpVar1 AND Valid__c = TRUE AND Active__c = TRUE) LIMIT 1
12:38:00.21 (586861943)|SOQL_EXECUTE_END|[47]|Rows:1
12:38:00.21 (587245659)|ENTERING_MANAGED_PKG|sf4twitter
12:38:00.21 (588390464)|ENTERING_MANAGED_PKG|sf4twitter
12:38:00.21 (588450876)|ENTERING_MANAGED_PKG|sf4twitter
12:38:00.21 (589392984)|SOQL_EXECUTE_BEGIN|[40]|Aggregations:0|SELECT id, name, sf4twitter__Twitter_Password__c, sf4twitter__Bitly_Password__c, sf4twitter__OAuth_Secret__c, sf4twitter__OAuth_Token__c FROM Twitter_Credentials__c WHERE name = :tmpVar1 ORDER BY LastModifiedDate DESC NULLS FIRST LIMIT 1
12:38:00.21 (597376409)|SOQL_EXECUTE_END|[40]|Rows:1
12:38:00.21 (598007607)|ENTERING_MANAGED_PKG|sf4twitter
12:38:00.21 (598054886)|ENTERING_MANAGED_PKG|sf4twitter
12:38:00.21 (598142220)|ENTERING_MANAGED_PKG|sf4twitter
12:38:00.21 (598186541)|ENTERING_MANAGED_PKG|sf4twitter
12:38:00.21 (598210625)|ENTERING_MANAGED_PKG|sf4twitter
12:38:00.21 (598305962)|ENTERING_MANAGED_PKG|sf4twitter
12:38:00.21 (598326978)|ENTERING_MANAGED_PKG|sf4twitter
12:38:00.21 (598369144)|ENTERING_MANAGED_PKG|sf4twitter
12:38:00.21 (598423775)|ENTERING_MANAGED_PKG|sf4twitter
12:38:00.21 (598466697)|ENTERING_MANAGED_PKG|sf4twitter
12:38:00.21 (598533220)|ENTERING_MANAGED_PKG|sf4twitter
12:38:00.21 (598572721)|ENTERING_MANAGED_PKG|sf4twitter
12:38:00.21 (598607601)|ENTERING_MANAGED_PKG|sf4twitter
12:38:00.21 (598645408)|ENTERING_MANAGED_PKG|sf4twitter
12:38:00.21 (598682653)|ENTERING_MANAGED_PKG|sf4twitter
12:38:00.21 (598794903)|ENTERING_MANAGED_PKG|sf4twitter
12:38:00.21 (598826528)|ENTERING_MANAGED_PKG|sf4twitter
12:38:00.21 (598858198)|ENTERING_MANAGED_PKG|sf4twitter
12:38:00.21 (598888066)|ENTERING_MANAGED_PKG|sf4twitter
12:38:00.21 (598918923)|ENTERING_MANAGED_PKG|sf4twitter
12:38:00.21 (599040810)|ENTERING_MANAGED_PKG|sf4twitter
12:38:00.21 (599188770)|ENTERING_MANAGED_PKG|sf4twitter
12:38:00.21 (599354851)|ENTERING_MANAGED_PKG|sf4twitter
12:38:00.21 (599507533)|ENTERING_MANAGED_PKG|sf4twitter
12:38:00.21 (599848283)|ENTERING_MANAGED_PKG|sf4twitter
12:38:00.21 (600118631)|ENTERING_MANAGED_PKG|sf4twitter
12:38:00.21 (600386102)|ENTERING_MANAGED_PKG|sf4twitter
12:38:00.21 (600458757)|ENTERING_MANAGED_PKG|sf4twitter
12:38:00.21 (600493038)|ENTERING_MANAGED_PKG|sf4twitter
12:38:00.21 (600521899)|ENTERING_MANAGED_PKG|sf4twitter
12:38:00.21 (604000062)|ENTERING_MANAGED_PKG|sf4twitter
12:38:00.21 (604027664)|ENTERING_MANAGED_PKG|sf4twitter
12:38:00.21 (604052440)|ENTERING_MANAGED_PKG|sf4twitter
12:38:00.21 (604102013)|ENTERING_MANAGED_PKG|sf4twitter
12:38:00.21 (604131991)|ENTERING_MANAGED_PKG|sf4twitter
12:38:00.21 (604159191)|ENTERING_MANAGED_PKG|sf4twitter
12:38:00.21 (604191476)|ENTERING_MANAGED_PKG|sf4twitter
12:38:00.21 (604219120)|ENTERING_MANAGED_PKG|sf4twitter
12:38:00.21 (604254108)|ENTERING_MANAGED_PKG|sf4twitter
12:38:00.21 (604276363)|ENTERING_MANAGED_PKG|sf4twitter
12:38:00.21 (604297875)|ENTERING_MANAGED_PKG|sf4twitter
12:38:00.21 (604313128)|ENTERING_MANAGED_PKG|sf4twitter
12:38:00.21 (604336328)|ENTERING_MANAGED_PKG|sf4twitter
12:38:00.21 (604355578)|ENTERING_MANAGED_PKG|sf4twitter
12:38:00.21 (604378428)|ENTERING_MANAGED_PKG|sf4twitter
12:38:00.21 (604406803)|ENTERING_MANAGED_PKG|sf4twitter
12:38:00.21 (604426684)|ENTERING_MANAGED_PKG|sf4twitter
12:38:00.21 (604445412)|ENTERING_MANAGED_PKG|sf4twitter
12:38:00.21 (604464123)|ENTERING_MANAGED_PKG|sf4twitter
12:38:00.21 (604488236)|ENTERING_MANAGED_PKG|sf4twitter
12:38:00.21 (604529666)|ENTERING_MANAGED_PKG|sf4twitter
12:38:00.21 (604557866)|ENTERING_MANAGED_PKG|sf4twitter
12:38:00.21 (604570933)|ENTERING_MANAGED_PKG|sf4twitter
12:38:00.21 (605283612)|ENTERING_MANAGED_PKG|sf4twitter
12:38:00.21 (605493027)|ENTERING_MANAGED_PKG|sf4twitter
12:38:00.21 (605508152)|ENTERING_MANAGED_PKG|sf4twitter
12:38:00.21 (605541596)|ENTERING_MANAGED_PKG|sf4twitter
12:38:00.21 (605725202)|ENTERING_MANAGED_PKG|sf4twitter
12:38:00.21 (605751113)|ENTERING_MANAGED_PKG|sf4twitter
12:38:00.21 (606227970)|ENTERING_MANAGED_PKG|sf4twitter
12:38:00.21 (606357596)|ENTERING_MANAGED_PKG|sf4twitter
12:38:00.21 (680811815)|ENTERING_MANAGED_PKG|sf4twitter
12:38:00.21 (680886541)|ENTERING_MANAGED_PKG|sf4twitter
12:38:00.21 (680913083)|ENTERING_MANAGED_PKG|sf4twitter
12:38:00.21 (680937946)|ENTERING_MANAGED_PKG|sf4twitter
12:38:00.21 (681009777)|ENTERING_MANAGED_PKG|sf4twitter
12:38:00.21 (681050444)|ENTERING_MANAGED_PKG|sf4twitter
12:38:00.21 (681118384)|ENTERING_MANAGED_PKG|sf4twitter
12:38:00.21 (681150910)|ENTERING_MANAGED_PKG|sf4twitter
12:38:00.21 (681249031)|ENTERING_MANAGED_PKG|sf4twitter
12:38:00.21 (681331122)|ENTERING_MANAGED_PKG|sf4twitter
12:38:00.21 (681477044)|ENTERING_MANAGED_PKG|sf4twitter
12:38:00.21 (681499127)|ENTERING_MANAGED_PKG|sf4twitter
12:38:00.21 (682308493)|ENTERING_MANAGED_PKG|sf4twitter
12:38:00.21 (682334215)|ENTERING_MANAGED_PKG|sf4twitter
12:38:00.21 (683389842)|ENTERING_MANAGED_PKG|sf4twitter
12:38:00.21 (683410030)|ENTERING_MANAGED_PKG|sf4twitter
12:38:00.21 (683423149)|ENTERING_MANAGED_PKG|sf4twitter
12:38:00.21 (683437449)|ENTERING_MANAGED_PKG|sf4twitter
12:38:00.21 (683454847)|ENTERING_MANAGED_PKG|sf4twitter
12:38:00.21 (683487751)|ENTERING_MANAGED_PKG|sf4twitter
12:38:00.21 (683548207)|ENTERING_MANAGED_PKG|sf4twitter
12:38:00.21 (683658779)|ENTERING_MANAGED_PKG|sf4twitter
12:38:00.21 (683710573)|ENTERING_MANAGED_PKG|sf4twitter
12:38:00.21 (683793484)|ENTERING_MANAGED_PKG|sf4twitter
12:38:00.21 (684147487)|ENTERING_MANAGED_PKG|sf4twitter
12:38:00.21 (684274763)|ENTERING_MANAGED_PKG|sf4twitter
12:38:00.21 (684575790)|ENTERING_MANAGED_PKG|sf4twitter
12:38:00.21 (685428561)|ENTERING_MANAGED_PKG|sf4twitter
12:38:00.21 (685756501)|ENTERING_MANAGED_PKG|sf4twitter
12:38:00.21 (686389746)|ENTERING_MANAGED_PKG|sf4twitter
12:38:00.21 (686550844)|ENTERING_MANAGED_PKG|sf4twitter
12:38:00.21 (686730222)|ENTERING_MANAGED_PKG|sf4twitter
12:38:00.21 (690356446)|SAVEPOINT_SET|[695]|SavepointValue0
12:38:00.21 (690403824)|ENTERING_MANAGED_PKG|sf4twitter
12:38:00.21 (690502944)|ENTERING_MANAGED_PKG|sf4twitter
12:38:00.21 (690578080)|ENTERING_MANAGED_PKG|sf4twitter
12:38:00.21 (690638435)|ENTERING_MANAGED_PKG|sf4twitter
12:38:00.21 (690666196)|ENTERING_MANAGED_PKG|sf4twitter
12:38:00.21 (690711628)|ENTERING_MANAGED_PKG|sf4twitter
12:38:00.21 (690869812)|ENTERING_MANAGED_PKG|sf4twitter
12:38:00.21 (690962011)|ENTERING_MANAGED_PKG|sf4twitter
12:38:00.21 (691665694)|SOQL_EXECUTE_BEGIN|[1024]|Aggregations:0|SELECT Id, sf4twitter__TwitterID__c, sf4twitter__Direct_Message__c FROM Twitter_Conversation__c 
12:38:00.21 (695159601)|SOQL_EXECUTE_END|[1024]|Rows:0
12:38:00.21 (696272804)|ENTERING_MANAGED_PKG|sf4twitter
12:38:00.21 (697589384)|SOQL_EXECUTE_BEGIN|[1035]|Aggregations:0|SELECT Id, sf4twitter__Case__c, Case__r.ClosedDate, Case__r.isClosed, sf4twitter__Case__r.sf4twitter__twitterId__c, sf4twitter__Case__r.sf4twitter__Twitter_Username__c, Case__r.Status, sf4twitter__Contact__c, sf4twitter__TwitterID__c, sf4twitter__Parent__c, sf4twitter__Message__c, sf4twitter__Author_Real_Name__c, sf4twitter__Author_Name__c, sf4twitter__Direct_Message__c, sf4twitter__Type__c, sf4twitter__In_Reply_To_Status_Id__c, sf4twitter__In_Reply_To_User_Id__c FROM Twitter_Conversation__c WHERE twitterid__c = :tmpVar1 LIMIT :tmpVar2
12:38:00.21 (703338465)|SOQL_EXECUTE_END|[1035]|Rows:0
12:38:00.21 (703839353)|ENTERING_MANAGED_PKG|sf4twitter
12:38:00.21 (703973913)|ENTERING_MANAGED_PKG|sf4twitter
12:38:00.21 (704977452)|ENTERING_MANAGED_PKG|sf4twitter
12:38:00.21 (705076139)|ENTERING_MANAGED_PKG|sf4twitter
12:38:00.21 (705146465)|ENTERING_MANAGED_PKG|sf4twitter
12:38:00.21 (705185400)|ENTERING_MANAGED_PKG|sf4twitter
12:38:00.21 (705995579)|SOQL_EXECUTE_BEGIN|[57]|Aggregations:0|SELECT Id, Name, sf4twitter__Twitter_Username__c, accountId FROM Contact 
12:38:00.21 (709114267)|SOQL_EXECUTE_END|[57]|Rows:0
12:38:00.21 (709566697)|ENTERING_MANAGED_PKG|sf4twitter
12:38:00.21 (709618392)|ENTERING_MANAGED_PKG|sf4twitter
12:38:00.21 (709650341)|ENTERING_MANAGED_PKG|sf4twitter
12:38:00.21 (713811002)|SOQL_EXECUTE_BEGIN|[63]|Aggregations:0|SELECT Id, Name, sf4twitter__Twitter_Username__c FROM Lead 
12:38:00.21 (719013108)|SOQL_EXECUTE_END|[63]|Rows:0
12:38:00.21 (719605221)|ENTERING_MANAGED_PKG|sf4twitter
12:38:00.21 (720037610)|ENTERING_MANAGED_PKG|sf4twitter
12:38:00.21 (720145363)|ENTERING_MANAGED_PKG|sf4twitter
12:38:00.21 (720198580)|ENTERING_MANAGED_PKG|sf4twitter
12:38:00.21 (720236855)|ENTERING_MANAGED_PKG|sf4twitter
12:38:00.21 (720482954)|ENTERING_MANAGED_PKG|sf4twitter
12:38:00.21 (720521961)|ENTERING_MANAGED_PKG|sf4twitter
12:38:00.21 (720545324)|ENTERING_MANAGED_PKG|sf4twitter
12:38:00.21 (720704799)|ENTERING_MANAGED_PKG|sf4twitter
12:38:00.21 (720781116)|ENTERING_MANAGED_PKG|sf4twitter
12:38:00.21 (720843012)|ENTERING_MANAGED_PKG|sf4twitter
12:38:00.21 (721084916)|ENTERING_MANAGED_PKG|sf4twitter
12:38:00.21 (721141051)|ENTERING_MANAGED_PKG|sf4twitter
12:38:00.21 (721182183)|ENTERING_MANAGED_PKG|sf4twitter
12:38:00.21 (721207072)|ENTERING_MANAGED_PKG|sf4twitter
12:38:00.21 (722491167)|SOQL_EXECUTE_BEGIN|[427]|Aggregations:0|SELECT sf4twitter__TwitterID__c, case__r.id, sf4twitter__Case__r.sf4twitter__Twitter_Username__c, case__r.CreatedDate, case__r.ContactId, sf4twitter__Case__r.sf4twitter__twitterId__c, case__r.subject, case__r.closedDate, case__r.status, Case__r.isClosed FROM Twitter_Conversation__c 
12:38:00.21 (726869823)|SOQL_EXECUTE_END|[427]|Rows:0
12:38:00.21 (728533099)|SOQL_EXECUTE_BEGIN|[443]|Aggregations:0|SELECT id, sf4twitter__Twitter_Username__c, CreatedDate, isClosed, ContactId, sf4twitter__twitterId__c, subject, closedDate, status FROM Case 
12:38:00.21 (730959619)|SOQL_EXECUTE_END|[443]|Rows:0
12:38:00.21 (731356112)|ENTERING_MANAGED_PKG|sf4twitter
12:38:00.21 (731567755)|ENTERING_MANAGED_PKG|sf4twitter
12:38:00.21 (731711070)|ENTERING_MANAGED_PKG|sf4twitter
12:38:00.21 (732011623)|ENTERING_MANAGED_PKG|sf4twitter
12:38:00.21 (732363981)|ENTERING_MANAGED_PKG|sf4twitter
12:38:00.21 (732477079)|ENTERING_MANAGED_PKG|sf4twitter
12:38:00.21 (732940302)|ENTERING_MANAGED_PKG|sf4twitter
12:38:00.21 (733124398)|ENTERING_MANAGED_PKG|sf4twitter
12:38:00.21 (733271067)|ENTERING_MANAGED_PKG|sf4twitter
12:38:00.21 (733685076)|ENTERING_MANAGED_PKG|sf4twitter
12:38:00.21 (734267760)|ENTERING_MANAGED_PKG|sf4twitter
12:38:00.21 (734319061)|ENTERING_MANAGED_PKG|sf4twitter
12:38:00.21 (735188597)|ENTERING_MANAGED_PKG|sf4twitter
12:38:00.21 (735400191)|ENTERING_MANAGED_PKG|sf4twitter
12:38:00.21 (735887647)|ENTERING_MANAGED_PKG|sf4twitter
12:38:00.21 (736043398)|ENTERING_MANAGED_PKG|sf4twitter
12:38:00.21 (736424810)|DML_BEGIN|[704]|Op:Update|Type:sf4twitter__Twitter_Account__c|Rows:1
12:38:00.21 (755274158)|ENTERING_MANAGED_PKG|sf4twitter
12:38:00.21 (755750178)|ENTERING_MANAGED_PKG|sf4twitter
12:38:00.21 (758193017)|ENTERING_MANAGED_PKG|sf4twitter
12:38:00.21 (758288270)|ENTERING_MANAGED_PKG|sf4twitter
12:38:00.21 (758942151)|SOQL_EXECUTE_BEGIN|[134]|Aggregations:0|select Id from RecordType where isPersonType = true limit 1
12:38:00.21 (762898642)|SOQL_EXECUTE_END|[134]|Rows:1
12:38:00.21 (764348482)|ENTERING_MANAGED_PKG|sf4twitter
12:38:00.21 (764431774)|ENTERING_MANAGED_PKG|sf4twitter
12:38:00.21 (764852103)|SOQL_EXECUTE_BEGIN|[19]|Aggregations:0|select id from UserFeed limit 1
12:38:00.21 (770006093)|SOQL_EXECUTE_END|[19]|Rows:1
12:38:00.21 (771024807)|ENTERING_MANAGED_PKG|sf4twitter
12:38:00.21 (771643317)|ENTERING_MANAGED_PKG|sf4twitter
12:38:00.21 (772250587)|SOQL_EXECUTE_BEGIN|[40]|Aggregations:0|SELECT id, name, sf4twitter__Twitter_Password__c, sf4twitter__Bitly_Password__c, sf4twitter__OAuth_Secret__c, sf4twitter__OAuth_Token__c FROM Twitter_Credentials__c WHERE name = :tmpVar1 ORDER BY LastModifiedDate DESC NULLS FIRST LIMIT 1
12:38:00.21 (779024917)|SOQL_EXECUTE_END|[40]|Rows:1
12:38:00.21 (780824402)|DML_BEGIN|[51]|Op:Upsert|Type:sf4twitter__Twitter_Credentials__c|Rows:1
12:38:00.21 (843061761)|DML_END|[51]
12:38:00.843 (843483489)|CUMULATIVE_LIMIT_USAGE
12:38:00.843 (843483489)|LIMIT_USAGE_FOR_NS|(default)|
  Number of SOQL queries: 0 out of 200
  Number of query rows: 0 out of 50000
  Number of SOSL queries: 0 out of 20
  Number of DML statements: 0 out of 150
  Number of DML rows: 0 out of 10000
  Maximum CPU time: 218 out of 60000
  Maximum heap size: 0 out of 12000000
  Number of callouts: 0 out of 100
  Number of Email Invocations: 0 out of 10
  Number of future calls: 0 out of 50
  Number of queueable jobs added to the queue: 0 out of 1
  Number of Mobile Apex push calls: 0 out of 10

12:38:00.843 (843483489)|LIMIT_USAGE_FOR_NS|sf4twitter|
  Number of SOQL queries: 23 out of 200
  Number of query rows: 2139 out of 50000
  Number of SOSL queries: 0 out of 20
  Number of DML statements: 3 out of 150
  Number of DML rows: 3 out of 10000
  Maximum CPU time: 0 out of 60000
  Maximum heap size: 0 out of 12000000
  Number of callouts: 4 out of 100
  Number of Email Invocations: 0 out of 10
  Number of future calls: 0 out of 50
  Number of queueable jobs added to the queue: 0 out of 1
  Number of Mobile Apex push calls: 0 out of 10

12:38:00.843 (843483489)|CUMULATIVE_LIMIT_USAGE_END

12:38:00.21 (864381711)|DML_END|[704]
12:38:00.21 (866946454)|SOQL_EXECUTE_BEGIN|[706]|Aggregations:0|SELECT sf4twitter__Last_Run_Time__c FROM Twitter_Scheduler__c WHERE Twitter_Account__c = :tmpVar1 LIMIT :tmpVar2
12:38:00.21 (872688809)|SOQL_EXECUTE_END|[706]|Rows:1
12:38:00.21 (873569395)|DML_BEGIN|[708]|Op:Update|Type:sf4twitter__Twitter_Scheduler__c|Rows:1
12:38:00.21 (892333580)|DML_END|[708]
12:38:00.21 (892457965)|ENTERING_MANAGED_PKG|sf4twitter
12:38:00.21 (897210098)|ENTERING_MANAGED_PKG|sf4twitter
12:38:00.21 (897499240)|ENTERING_MANAGED_PKG|sf4twitter
12:38:00.21 (897538218)|ENTERING_MANAGED_PKG|sf4twitter
12:38:00.21 (897654163)|ENTERING_MANAGED_PKG|sf4twitter
12:38:00.21 (897803767)|ENTERING_MANAGED_PKG|sf4twitter
12:38:00.21 (897833512)|ENTERING_MANAGED_PKG|sf4twitter
12:38:00.21 (898446593)|SOQL_EXECUTE_BEGIN|[73]|Aggregations:0|SELECT Name, id, Body FROM Document WHERE DeveloperName LIKE :tmpVar1 ORDER BY developerName DESC NULLS FIRST LIMIT 1
12:38:00.21 (912540497)|SOQL_EXECUTE_END|[73]|Rows:1
12:38:00.21 (913011561)|ENTERING_MANAGED_PKG|sf4twitter
12:38:00.21 (913088385)|ENTERING_MANAGED_PKG|sf4twitter
12:38:00.21 (916365077)|DML_BEGIN|[217]|Op:Update|Type:Document|Rows:1
12:38:00.21 (988056500)|DML_END|[217]
12:38:00.21 (988142349)|ENTERING_MANAGED_PKG|sf4twitter
